[2024-03-16 01:57:16] request.INFO: Matched route "admin_module_manage_action". {"route":"admin_module_manage_action","route_parameters":{"_controller":"PrestaShopBundle\\Controller\\Admin\\Improve\\ModuleController::moduleAction","action":"upgrade","module_name":"bridgeconnector","_route":"admin_module_manage_action"},"request_uri":"https://woodyoubahamas.com/gettadmin/index.php/improve/modules/manage/action/upgrade/bridgeconnector?_token=R2aNZT9SEqA4X5iLGTfiUxpr9AGdx8pMrlV3bFrq4Ik","method":"POST"} []
[2024-03-16 01:57:16] security.DEBUG: Read existing security token from the session. {"key":"_security_main","token_class":"Symfony\\Component\\Security\\Core\\Authentication\\Token\\UsernamePasswordToken"} []
[2024-03-16 01:57:16] security.DEBUG: User was reloaded from a user provider. {"provider":"PrestaShopBundle\\Security\\Admin\\EmployeeProvider","username":"info@woodyoubahamas.com"} []
[2024-03-16 01:57:18] app.ERROR: Exception thrown by module bridgeconnector on upgrade. Error sent by Addons. You may need to be logged. [] []
[2024-03-16 01:57:18] security.DEBUG: Stored the security token in the session. {"key":"_security_main"} []
[2024-03-16 01:58:20] request.INFO: Matched route "admin_module_manage_action". {"route":"admin_module_manage_action","route_parameters":{"_controller":"PrestaShopBundle\\Controller\\Admin\\Improve\\ModuleController::moduleAction","action":"upgrade","module_name":"whatsappchat","_route":"admin_module_manage_action"},"request_uri":"https://woodyoubahamas.com/gettadmin/index.php/improve/modules/manage/action/upgrade/whatsappchat?_token=R2aNZT9SEqA4X5iLGTfiUxpr9AGdx8pMrlV3bFrq4Ik","method":"POST"} []
[2024-03-16 01:58:20] security.DEBUG: Read existing security token from the session. {"key":"_security_main","token_class":"Symfony\\Component\\Security\\Core\\Authentication\\Token\\UsernamePasswordToken"} []
[2024-03-16 01:58:20] security.DEBUG: User was reloaded from a user provider. {"provider":"PrestaShopBundle\\Security\\Admin\\EmployeeProvider","username":"info@woodyoubahamas.com"} []
[2024-03-16 01:58:22] app.ERROR: Exception thrown by module whatsappchat on upgrade. Error sent by Addons. You may need to be logged. [] []
[2024-03-16 01:58:22] security.DEBUG: Stored the security token in the session. {"key":"_security_main"} []
[2024-03-16 01:59:11] request.INFO: Matched route "admin_module_manage_action". {"route":"admin_module_manage_action","route_parameters":{"_controller":"PrestaShopBundle\\Controller\\Admin\\Improve\\ModuleController::moduleAction","action":"upgrade","module_name":"bridgeconnector","_route":"admin_module_manage_action"},"request_uri":"https://woodyoubahamas.com/gettadmin/index.php/improve/modules/manage/action/upgrade/bridgeconnector?_token=R2aNZT9SEqA4X5iLGTfiUxpr9AGdx8pMrlV3bFrq4Ik","method":"POST"} []
[2024-03-16 01:59:16] security.DEBUG: Read existing security token from the session. {"key":"_security_main","token_class":"Symfony\\Component\\Security\\Core\\Authentication\\Token\\UsernamePasswordToken"} []
[2024-03-16 01:59:16] security.DEBUG: User was reloaded from a user provider. {"provider":"PrestaShopBundle\\Security\\Admin\\EmployeeProvider","username":"info@woodyoubahamas.com"} []
[2024-03-16 01:59:17] app.ERROR: Exception thrown by module bridgeconnector on upgrade. Error sent by Addons. You may need to be logged. [] []
[2024-03-16 01:59:17] security.DEBUG: Stored the security token in the session. {"key":"_security_main"} []
[2024-03-16 01:59:11] request.INFO: Matched route "admin_module_manage_action". {"route":"admin_module_manage_action","route_parameters":{"_controller":"PrestaShopBundle\\Controller\\Admin\\Improve\\ModuleController::moduleAction","action":"upgrade","module_name":"whatsappchat","_route":"admin_module_manage_action"},"request_uri":"https://woodyoubahamas.com/gettadmin/index.php/improve/modules/manage/action/upgrade/whatsappchat?_token=R2aNZT9SEqA4X5iLGTfiUxpr9AGdx8pMrlV3bFrq4Ik","method":"POST"} []
[2024-03-16 01:59:20] security.DEBUG: Read existing security token from the session. {"key":"_security_main","token_class":"Symfony\\Component\\Security\\Core\\Authentication\\Token\\UsernamePasswordToken"} []
[2024-03-16 01:59:20] security.DEBUG: User was reloaded from a user provider. {"provider":"PrestaShopBundle\\Security\\Admin\\EmployeeProvider","username":"info@woodyoubahamas.com"} []
[2024-03-16 01:59:21] app.ERROR: Exception thrown by module whatsappchat on upgrade. Error sent by Addons. You may need to be logged. [] []
[2024-03-16 01:59:21] security.DEBUG: Stored the security token in the session. {"key":"_security_main"} []
[2024-03-16 02:02:24] request.CRITICAL: Uncaught PHP Exception Symfony\Component\Debug\Exception\ClassNotFoundException: "Attempted to load class "Cart abancart_table" from the global namespace. Did you forget a "use" statement?" at /home/u695283169/domains/woodyoubahamas.com/public_html/classes/ObjectModel.php line 2018 {"exception":"[object] (Symfony\\Component\\Debug\\Exception\\ClassNotFoundException(code: 0): Attempted to load class \"Cart abancart_table\" from the global namespace.\nDid you forget a \"use\" statement? at /home/u695283169/domains/woodyoubahamas.com/public_html/classes/ObjectModel.php:2018)"} []
[2024-03-17 09:31:47] request.CRITICAL: Uncaught PHP Exception Symfony\Component\Debug\Exception\ClassNotFoundException: "Attempted to load class "Cart abancart_table" from the global namespace. Did you forget a "use" statement?" at /home/u695283169/domains/woodyoubahamas.com/public_html/modules/ets_abandonedcart/controllers/admin/AdminEtsACCartController.php line 296 {"exception":"[object] (Symfony\\Component\\Debug\\Exception\\ClassNotFoundException(code: 0): Attempted to load class \"Cart abancart_table\" from the global namespace.\nDid you forget a \"use\" statement? at /home/u695283169/domains/woodyoubahamas.com/public_html/modules/ets_abandonedcart/controllers/admin/AdminEtsACCartController.php:296)"} []
[2024-03-30 01:17:44] request.INFO: Matched route "admin_module_manage_action". {"route":"admin_module_manage_action","route_parameters":{"_controller":"PrestaShopBundle\\Controller\\Admin\\Improve\\ModuleController::moduleAction","action":"upgrade","module_name":"whatsappchat","_route":"admin_module_manage_action"},"request_uri":"https://woodyoubahamas.com/gettadmin/index.php/improve/modules/manage/action/upgrade/whatsappchat?_token=M53qdfzMWTLOQLI-jzbPg26qzlTQCEqbEqyf1_1RTKk","method":"POST"} []
[2024-03-30 01:17:44] security.DEBUG: Read existing security token from the session. {"key":"_security_main","token_class":"Symfony\\Component\\Security\\Core\\Authentication\\Token\\UsernamePasswordToken"} []
[2024-03-30 01:17:44] security.DEBUG: User was reloaded from a user provider. {"provider":"PrestaShopBundle\\Security\\Admin\\EmployeeProvider","username":"info@woodyoubahamas.com"} []
[2024-03-30 01:17:46] app.ERROR: Exception thrown by module whatsappchat on upgrade. Error sent by Addons. You may need to be logged. [] []
[2024-03-30 01:17:46] security.DEBUG: Stored the security token in the session. {"key":"_security_main"} []
[2024-04-07 14:57:26] request.CRITICAL: Uncaught PHP Exception Symfony\Component\Debug\Exception\ClassNotFoundException: "Attempted to load class "Cart abancart_table" from the global namespace. Did you forget a "use" statement?" at /home/u695283169/domains/woodyoubahamas.com/public_html/modules/ets_abandonedcart/controllers/admin/AdminEtsACCartController.php line 296 {"exception":"[object] (Symfony\\Component\\Debug\\Exception\\ClassNotFoundException(code: 0): Attempted to load class \"Cart abancart_table\" from the global namespace.\nDid you forget a \"use\" statement? at /home/u695283169/domains/woodyoubahamas.com/public_html/modules/ets_abandonedcart/controllers/admin/AdminEtsACCartController.php:296)"} []
[2024-04-07 15:37:57] request.INFO: Matched route "admin_module_manage_action". {"route":"admin_module_manage_action","route_parameters":{"_controller":"PrestaShopBundle\\Controller\\Admin\\Improve\\ModuleController::moduleAction","action":"upgrade","module_name":"whatsappchat","_route":"admin_module_manage_action"},"request_uri":"https://woodyoubahamas.com/gettadmin/index.php/improve/modules/manage/action/upgrade/whatsappchat?_token=vBUJyxFMEdQKRbOAr29HIBrrEjKbApXI67ACHqAJMxg","method":"POST"} []
[2024-04-07 15:37:57] security.DEBUG: Read existing security token from the session. {"key":"_security_main","token_class":"Symfony\\Component\\Security\\Core\\Authentication\\Token\\UsernamePasswordToken"} []
[2024-04-07 15:37:57] security.DEBUG: User was reloaded from a user provider. {"provider":"PrestaShopBundle\\Security\\Admin\\EmployeeProvider","username":"info@woodyoubahamas.com"} []
[2024-04-07 15:38:03] app.ERROR: Exception thrown by module whatsappchat on upgrade. Error sent by Addons. You may be not allowed to download this module. [] []
[2024-04-07 15:38:03] security.DEBUG: Stored the security token in the session. {"key":"_security_main"} []
[2024-04-07 15:38:10] request.INFO: Matched route "admin_module_manage_action". {"route":"admin_module_manage_action","route_parameters":{"_controller":"PrestaShopBundle\\Controller\\Admin\\Improve\\ModuleController::moduleAction","action":"upgrade","module_name":"lgcookieslaw","_route":"admin_module_manage_action"},"request_uri":"https://woodyoubahamas.com/gettadmin/index.php/improve/modules/manage/action/upgrade/lgcookieslaw?_token=vBUJyxFMEdQKRbOAr29HIBrrEjKbApXI67ACHqAJMxg","method":"POST"} []
[2024-04-07 15:38:10] security.DEBUG: Read existing security token from the session. {"key":"_security_main","token_class":"Symfony\\Component\\Security\\Core\\Authentication\\Token\\UsernamePasswordToken"} []
[2024-04-07 15:38:10] security.DEBUG: User was reloaded from a user provider. {"provider":"PrestaShopBundle\\Security\\Admin\\EmployeeProvider","username":"info@woodyoubahamas.com"} []
[2024-04-07 15:38:11] app.ERROR: Exception thrown by module lgcookieslaw on upgrade. Error sent by Addons. You may be not allowed to download this module. [] []
[2024-04-07 15:38:11] security.DEBUG: Stored the security token in the session. {"key":"_security_main"} []
[2024-04-07 15:38:14] request.INFO: Matched route "admin_module_manage_action". {"route":"admin_module_manage_action","route_parameters":{"_controller":"PrestaShopBundle\\Controller\\Admin\\Improve\\ModuleController::moduleAction","action":"upgrade","module_name":"lgcookieslaw","_route":"admin_module_manage_action"},"request_uri":"https://woodyoubahamas.com/gettadmin/index.php/improve/modules/manage/action/upgrade/lgcookieslaw?_token=vBUJyxFMEdQKRbOAr29HIBrrEjKbApXI67ACHqAJMxg","method":"POST"} []
[2024-04-07 15:38:14] security.DEBUG: Read existing security token from the session. {"key":"_security_main","token_class":"Symfony\\Component\\Security\\Core\\Authentication\\Token\\UsernamePasswordToken"} []
[2024-04-07 15:38:14] security.DEBUG: User was reloaded from a user provider. {"provider":"PrestaShopBundle\\Security\\Admin\\EmployeeProvider","username":"info@woodyoubahamas.com"} []
[2024-04-07 15:38:14] app.ERROR: Exception thrown by module lgcookieslaw on upgrade. Error sent by Addons. You may be not allowed to download this module. [] []
[2024-04-07 15:38:14] security.DEBUG: Stored the security token in the session. {"key":"_security_main"} []
[2024-04-07 18:28:40] request.INFO: Matched route "admin_module_manage". {"route":"admin_module_manage","route_parameters":{"category":null,"keyword":null,"_controller":"PrestaShopBundle\\Controller\\Admin\\Improve\\ModuleController::manageAction","_legacy_controller":"AdminModulesManage","_legacy_link":["AdminModulesManage","AdminModulesSf"],"_route":"admin_module_manage"},"request_uri":"https://woodyoubahamas.com/gettadmin/index.php/improve/modules/manage?_token=gYrXHPajEXwH8ZEXTXDVk9x5Vos0gvCtKrxtB1aPziU","method":"GET"} []
[2024-04-07 18:28:40] security.DEBUG: Read existing security token from the session. {"key":"_security_main","token_class":"Symfony\\Component\\Security\\Core\\Authentication\\Token\\UsernamePasswordToken"} []
[2024-04-07 18:28:40] security.DEBUG: User was reloaded from a user provider. {"provider":"PrestaShopBundle\\Security\\Admin\\EmployeeProvider","username":"info@woodyoubahamas.com"} []
[2024-04-07 18:28:42] app.ERROR: Data from PrestaShop Addons is invalid, and cannot fallback on cache.  {"exception":"Client error response [url] https://api-addons.prestashop.com?format=json&iso_lang=en&iso_code=BS&version=1.7.7.2&shop_url=http%3A%2F%2Fwoodyoubahamas.com&method=listing&action=customer&username=patrick%40woodyoubahamas.com&password=Tekera%2333 [status code] 400 [reason phrase] Bad Request"} []
[2024-04-07 18:28:42] security.DEBUG: Stored the security token in the session. {"key":"_security_main"} []
[2024-04-07 18:28:43] request.INFO: Matched route "admin_module_notification_count". {"route":"admin_module_notification_count","route_parameters":{"_controller":"PrestaShopBundle\\Controller\\Admin\\Improve\\Modules\\AlertsController::notificationsCountAction","_legacy_controller":"AdminModulesNotifications","_legacy_link":"AdminModulesNotifications:count","_route":"admin_module_notification_count"},"request_uri":"https://woodyoubahamas.com/gettadmin/index.php/improve/modules/alerts/count?_token=gYrXHPajEXwH8ZEXTXDVk9x5Vos0gvCtKrxtB1aPziU","method":"GET"} []
[2024-04-07 18:28:43] security.DEBUG: Read existing security token from the session. {"key":"_security_main","token_class":"Symfony\\Component\\Security\\Core\\Authentication\\Token\\UsernamePasswordToken"} []
[2024-04-07 18:28:43] security.DEBUG: User was reloaded from a user provider. {"provider":"PrestaShopBundle\\Security\\Admin\\EmployeeProvider","username":"info@woodyoubahamas.com"} []
[2024-04-07 18:28:43] app.ERROR: Data from PrestaShop Addons is invalid, and cannot fallback on cache.  {"exception":"Client error response [url] https://api-addons.prestashop.com?format=json&iso_lang=en&iso_code=BS&version=1.7.7.2&shop_url=http%3A%2F%2Fwoodyoubahamas.com&method=listing&action=customer&username=patrick%40woodyoubahamas.com&password=Tekera%2333 [status code] 400 [reason phrase] Bad Request"} []
[2024-04-07 18:28:44] security.DEBUG: Stored the security token in the session. {"key":"_security_main"} []
[2024-04-07 19:01:12] request.INFO: Matched route "admin_product_form". {"route":"admin_product_form","route_parameters":{"_controller":"PrestaShopBundle\\Controller\\Admin\\ProductController::formAction","_legacy_controller":"AdminProducts","_legacy_param_mapper_class":"PrestaShop\\PrestaShop\\Adapter\\Product\\AdminProductDataProvider","_legacy_param_mapper_method":"mapLegacyParametersProductForm","id":"2758","_route":"admin_product_form"},"request_uri":"https://woodyoubahamas.com/gettadmin/index.php/sell/catalog/products/2758?_token=gYrXHPajEXwH8ZEXTXDVk9x5Vos0gvCtKrxtB1aPziU","method":"GET"} []
[2024-04-07 19:01:12] security.DEBUG: Read existing security token from the session. {"key":"_security_main","token_class":"Symfony\\Component\\Security\\Core\\Authentication\\Token\\UsernamePasswordToken"} []
[2024-04-07 19:01:12] security.DEBUG: User was reloaded from a user provider. {"provider":"PrestaShopBundle\\Security\\Admin\\EmployeeProvider","username":"info@woodyoubahamas.com"} []
[2024-04-07 19:01:12] app.ERROR: Data from PrestaShop Addons is invalid, and cannot fallback on cache.  {"exception":"Client error response [url] https://api-addons.prestashop.com?format=json&iso_lang=en&iso_code=BS&version=1.7.7.2&shop_url=http%3A%2F%2Fwoodyoubahamas.com&method=listing&action=customer&username=patrick%40woodyoubahamas.com&password=Tekera%2333 [status code] 400 [reason phrase] Bad Request"} []
[2024-04-07 19:01:12] security.DEBUG: Stored the security token in the session. {"key":"_security_main"} []
[2024-04-07 19:02:39] request.INFO: Matched route "admin_product_form". {"route":"admin_product_form","route_parameters":{"_controller":"PrestaShopBundle\\Controller\\Admin\\ProductController::formAction","_legacy_controller":"AdminProducts","_legacy_param_mapper_class":"PrestaShop\\PrestaShop\\Adapter\\Product\\AdminProductDataProvider","_legacy_param_mapper_method":"mapLegacyParametersProductForm","id":"3013","_route":"admin_product_form"},"request_uri":"https://woodyoubahamas.com/gettadmin/index.php/sell/catalog/products/3013?_token=gYrXHPajEXwH8ZEXTXDVk9x5Vos0gvCtKrxtB1aPziU","method":"GET"} []
[2024-04-07 19:02:39] security.DEBUG: Read existing security token from the session. {"key":"_security_main","token_class":"Symfony\\Component\\Security\\Core\\Authentication\\Token\\UsernamePasswordToken"} []
[2024-04-07 19:02:39] security.DEBUG: User was reloaded from a user provider. {"provider":"PrestaShopBundle\\Security\\Admin\\EmployeeProvider","username":"info@woodyoubahamas.com"} []
[2024-04-07 19:02:39] app.ERROR: Data from PrestaShop Addons is invalid, and cannot fallback on cache.  {"exception":"Client error response [url] https://api-addons.prestashop.com?format=json&iso_lang=en&iso_code=BS&version=1.7.7.2&shop_url=http%3A%2F%2Fwoodyoubahamas.com&method=listing&action=customer&username=patrick%40woodyoubahamas.com&password=Tekera%2333 [status code] 400 [reason phrase] Bad Request"} []
[2024-04-07 19:02:39] security.DEBUG: Stored the security token in the session. {"key":"_security_main"} []
[2024-04-07 19:03:50] request.INFO: Matched route "admin_product_form". {"route":"admin_product_form","route_parameters":{"_controller":"PrestaShopBundle\\Controller\\Admin\\ProductController::formAction","_legacy_controller":"AdminProducts","_legacy_param_mapper_class":"PrestaShop\\PrestaShop\\Adapter\\Product\\AdminProductDataProvider","_legacy_param_mapper_method":"mapLegacyParametersProductForm","id":"2797","_route":"admin_product_form"},"request_uri":"https://woodyoubahamas.com/gettadmin/index.php/sell/catalog/products/2797?_token=gYrXHPajEXwH8ZEXTXDVk9x5Vos0gvCtKrxtB1aPziU","method":"GET"} []
[2024-04-07 19:03:50] security.DEBUG: Read existing security token from the session. {"key":"_security_main","token_class":"Symfony\\Component\\Security\\Core\\Authentication\\Token\\UsernamePasswordToken"} []
[2024-04-07 19:03:50] security.DEBUG: User was reloaded from a user provider. {"provider":"PrestaShopBundle\\Security\\Admin\\EmployeeProvider","username":"info@woodyoubahamas.com"} []
[2024-04-07 19:03:50] app.ERROR: Data from PrestaShop Addons is invalid, and cannot fallback on cache.  {"exception":"Client error response [url] https://api-addons.prestashop.com?format=json&iso_lang=en&iso_code=BS&version=1.7.7.2&shop_url=http%3A%2F%2Fwoodyoubahamas.com&method=listing&action=customer&username=patrick%40woodyoubahamas.com&password=Tekera%2333 [status code] 400 [reason phrase] Bad Request"} []
[2024-04-07 19:03:50] security.DEBUG: Stored the security token in the session. {"key":"_security_main"} []
[2024-04-07 19:08:26] request.INFO: Matched route "admin_product_form". {"route":"admin_product_form","route_parameters":{"_controller":"PrestaShopBundle\\Controller\\Admin\\ProductController::formAction","_legacy_controller":"AdminProducts","_legacy_param_mapper_class":"PrestaShop\\PrestaShop\\Adapter\\Product\\AdminProductDataProvider","_legacy_param_mapper_method":"mapLegacyParametersProductForm","id":"2794","_route":"admin_product_form"},"request_uri":"https://woodyoubahamas.com/gettadmin/index.php/sell/catalog/products/2794?_token=gYrXHPajEXwH8ZEXTXDVk9x5Vos0gvCtKrxtB1aPziU","method":"GET"} []
[2024-04-07 19:08:26] security.DEBUG: Read existing security token from the session. {"key":"_security_main","token_class":"Symfony\\Component\\Security\\Core\\Authentication\\Token\\UsernamePasswordToken"} []
[2024-04-07 19:08:26] security.DEBUG: User was reloaded from a user provider. {"provider":"PrestaShopBundle\\Security\\Admin\\EmployeeProvider","username":"info@woodyoubahamas.com"} []
[2024-04-07 19:08:26] app.ERROR: Data from PrestaShop Addons is invalid, and cannot fallback on cache.  {"exception":"Client error response [url] https://api-addons.prestashop.com?format=json&iso_lang=en&iso_code=BS&version=1.7.7.2&shop_url=http%3A%2F%2Fwoodyoubahamas.com&method=listing&action=customer&username=patrick%40woodyoubahamas.com&password=Tekera%2333 [status code] 400 [reason phrase] Bad Request"} []
[2024-04-07 19:08:26] security.DEBUG: Stored the security token in the session. {"key":"_security_main"} []
[2024-04-07 19:11:17] request.INFO: Matched route "admin_product_form". {"route":"admin_product_form","route_parameters":{"_controller":"PrestaShopBundle\\Controller\\Admin\\ProductController::formAction","_legacy_controller":"AdminProducts","_legacy_param_mapper_class":"PrestaShop\\PrestaShop\\Adapter\\Product\\AdminProductDataProvider","_legacy_param_mapper_method":"mapLegacyParametersProductForm","id":"2792","_route":"admin_product_form"},"request_uri":"https://woodyoubahamas.com/gettadmin/index.php/sell/catalog/products/2792?_token=gYrXHPajEXwH8ZEXTXDVk9x5Vos0gvCtKrxtB1aPziU","method":"GET"} []
[2024-04-07 19:11:17] security.DEBUG: Read existing security token from the session. {"key":"_security_main","token_class":"Symfony\\Component\\Security\\Core\\Authentication\\Token\\UsernamePasswordToken"} []
[2024-04-07 19:11:17] security.DEBUG: User was reloaded from a user provider. {"provider":"PrestaShopBundle\\Security\\Admin\\EmployeeProvider","username":"info@woodyoubahamas.com"} []
[2024-04-07 19:11:18] app.ERROR: Data from PrestaShop Addons is invalid, and cannot fallback on cache.  {"exception":"Client error response [url] https://api-addons.prestashop.com?format=json&iso_lang=en&iso_code=BS&version=1.7.7.2&shop_url=http%3A%2F%2Fwoodyoubahamas.com&method=listing&action=customer&username=patrick%40woodyoubahamas.com&password=Tekera%2333 [status code] 400 [reason phrase] Bad Request"} []
[2024-04-07 19:11:18] security.DEBUG: Stored the security token in the session. {"key":"_security_main"} []
[2024-04-07 19:13:41] request.INFO: Matched route "admin_product_form". {"route":"admin_product_form","route_parameters":{"_controller":"PrestaShopBundle\\Controller\\Admin\\ProductController::formAction","_legacy_controller":"AdminProducts","_legacy_param_mapper_class":"PrestaShop\\PrestaShop\\Adapter\\Product\\AdminProductDataProvider","_legacy_param_mapper_method":"mapLegacyParametersProductForm","id":"3013","_route":"admin_product_form"},"request_uri":"https://woodyoubahamas.com/gettadmin/index.php/sell/catalog/products/3013?_token=gYrXHPajEXwH8ZEXTXDVk9x5Vos0gvCtKrxtB1aPziU","method":"GET"} []
[2024-04-07 19:13:41] security.DEBUG: Read existing security token from the session. {"key":"_security_main","token_class":"Symfony\\Component\\Security\\Core\\Authentication\\Token\\UsernamePasswordToken"} []
[2024-04-07 19:13:41] security.DEBUG: User was reloaded from a user provider. {"provider":"PrestaShopBundle\\Security\\Admin\\EmployeeProvider","username":"info@woodyoubahamas.com"} []
[2024-04-07 19:13:41] app.ERROR: Data from PrestaShop Addons is invalid, and cannot fallback on cache.  {"exception":"Client error response [url] https://api-addons.prestashop.com?format=json&iso_lang=en&iso_code=BS&version=1.7.7.2&shop_url=http%3A%2F%2Fwoodyoubahamas.com&method=listing&action=customer&username=patrick%40woodyoubahamas.com&password=Tekera%2333 [status code] 400 [reason phrase] Bad Request"} []
[2024-04-07 19:13:41] security.DEBUG: Stored the security token in the session. {"key":"_security_main"} []
[2024-04-07 19:14:35] request.INFO: Matched route "admin_product_form". {"route":"admin_product_form","route_parameters":{"_controller":"PrestaShopBundle\\Controller\\Admin\\ProductController::formAction","_legacy_controller":"AdminProducts","_legacy_param_mapper_class":"PrestaShop\\PrestaShop\\Adapter\\Product\\AdminProductDataProvider","_legacy_param_mapper_method":"mapLegacyParametersProductForm","id":"2799","_route":"admin_product_form"},"request_uri":"https://woodyoubahamas.com/gettadmin/index.php/sell/catalog/products/2799?_token=gYrXHPajEXwH8ZEXTXDVk9x5Vos0gvCtKrxtB1aPziU","method":"GET"} []
[2024-04-07 19:14:35] security.DEBUG: Read existing security token from the session. {"key":"_security_main","token_class":"Symfony\\Component\\Security\\Core\\Authentication\\Token\\UsernamePasswordToken"} []
[2024-04-07 19:14:35] security.DEBUG: User was reloaded from a user provider. {"provider":"PrestaShopBundle\\Security\\Admin\\EmployeeProvider","username":"info@woodyoubahamas.com"} []
[2024-04-07 19:14:35] app.ERROR: Data from PrestaShop Addons is invalid, and cannot fallback on cache.  {"exception":"Client error response [url] https://api-addons.prestashop.com?format=json&iso_lang=en&iso_code=BS&version=1.7.7.2&shop_url=http%3A%2F%2Fwoodyoubahamas.com&method=listing&action=customer&username=patrick%40woodyoubahamas.com&password=Tekera%2333 [status code] 400 [reason phrase] Bad Request"} []
[2024-04-07 19:14:35] security.DEBUG: Stored the security token in the session. {"key":"_security_main"} []
[2024-04-07 19:15:12] request.INFO: Matched route "admin_product_form". {"route":"admin_product_form","route_parameters":{"_controller":"PrestaShopBundle\\Controller\\Admin\\ProductController::formAction","_legacy_controller":"AdminProducts","_legacy_param_mapper_class":"PrestaShop\\PrestaShop\\Adapter\\Product\\AdminProductDataProvider","_legacy_param_mapper_method":"mapLegacyParametersProductForm","id":"2794","_route":"admin_product_form"},"request_uri":"https://woodyoubahamas.com/gettadmin/index.php/sell/catalog/products/2794?_token=gYrXHPajEXwH8ZEXTXDVk9x5Vos0gvCtKrxtB1aPziU","method":"GET"} []
[2024-04-07 19:15:12] security.DEBUG: Read existing security token from the session. {"key":"_security_main","token_class":"Symfony\\Component\\Security\\Core\\Authentication\\Token\\UsernamePasswordToken"} []
[2024-04-07 19:15:12] security.DEBUG: User was reloaded from a user provider. {"provider":"PrestaShopBundle\\Security\\Admin\\EmployeeProvider","username":"info@woodyoubahamas.com"} []
[2024-04-07 19:15:12] app.ERROR: Data from PrestaShop Addons is invalid, and cannot fallback on cache.  {"exception":"Client error response [url] https://api-addons.prestashop.com?format=json&iso_lang=en&iso_code=BS&version=1.7.7.2&shop_url=http%3A%2F%2Fwoodyoubahamas.com&method=listing&action=customer&username=patrick%40woodyoubahamas.com&password=Tekera%2333 [status code] 400 [reason phrase] Bad Request"} []
[2024-04-07 19:15:12] security.DEBUG: Stored the security token in the session. {"key":"_security_main"} []
[2024-04-07 19:15:37] request.INFO: Matched route "admin_product_form". {"route":"admin_product_form","route_parameters":{"_controller":"PrestaShopBundle\\Controller\\Admin\\ProductController::formAction","_legacy_controller":"AdminProducts","_legacy_param_mapper_class":"PrestaShop\\PrestaShop\\Adapter\\Product\\AdminProductDataProvider","_legacy_param_mapper_method":"mapLegacyParametersProductForm","id":"2797","_route":"admin_product_form"},"request_uri":"https://woodyoubahamas.com/gettadmin/index.php/sell/catalog/products/2797?_token=gYrXHPajEXwH8ZEXTXDVk9x5Vos0gvCtKrxtB1aPziU","method":"GET"} []
[2024-04-07 19:15:37] security.DEBUG: Read existing security token from the session. {"key":"_security_main","token_class":"Symfony\\Component\\Security\\Core\\Authentication\\Token\\UsernamePasswordToken"} []
[2024-04-07 19:15:37] security.DEBUG: User was reloaded from a user provider. {"provider":"PrestaShopBundle\\Security\\Admin\\EmployeeProvider","username":"info@woodyoubahamas.com"} []
[2024-04-07 19:15:37] app.ERROR: Data from PrestaShop Addons is invalid, and cannot fallback on cache.  {"exception":"Client error response [url] https://api-addons.prestashop.com?format=json&iso_lang=en&iso_code=BS&version=1.7.7.2&shop_url=http%3A%2F%2Fwoodyoubahamas.com&method=listing&action=customer&username=patrick%40woodyoubahamas.com&password=Tekera%2333 [status code] 400 [reason phrase] Bad Request"} []
[2024-04-07 19:15:37] security.DEBUG: Stored the security token in the session. {"key":"_security_main"} []
[2024-04-07 19:15:58] request.INFO: Matched route "admin_product_form". {"route":"admin_product_form","route_parameters":{"_controller":"PrestaShopBundle\\Controller\\Admin\\ProductController::formAction","_legacy_controller":"AdminProducts","_legacy_param_mapper_class":"PrestaShop\\PrestaShop\\Adapter\\Product\\AdminProductDataProvider","_legacy_param_mapper_method":"mapLegacyParametersProductForm","id":"2796","_route":"admin_product_form"},"request_uri":"https://woodyoubahamas.com/gettadmin/index.php/sell/catalog/products/2796?_token=gYrXHPajEXwH8ZEXTXDVk9x5Vos0gvCtKrxtB1aPziU","method":"GET"} []
[2024-04-07 19:15:58] security.DEBUG: Read existing security token from the session. {"key":"_security_main","token_class":"Symfony\\Component\\Security\\Core\\Authentication\\Token\\UsernamePasswordToken"} []
[2024-04-07 19:15:58] security.DEBUG: User was reloaded from a user provider. {"provider":"PrestaShopBundle\\Security\\Admin\\EmployeeProvider","username":"info@woodyoubahamas.com"} []
[2024-04-07 19:15:58] app.ERROR: Data from PrestaShop Addons is invalid, and cannot fallback on cache.  {"exception":"Client error response [url] https://api-addons.prestashop.com?format=json&iso_lang=en&iso_code=BS&version=1.7.7.2&shop_url=http%3A%2F%2Fwoodyoubahamas.com&method=listing&action=customer&username=patrick%40woodyoubahamas.com&password=Tekera%2333 [status code] 400 [reason phrase] Bad Request"} []
[2024-04-07 19:15:58] security.DEBUG: Stored the security token in the session. {"key":"_security_main"} []
[2024-04-07 19:16:31] request.INFO: Matched route "admin_product_form". {"route":"admin_product_form","route_parameters":{"_controller":"PrestaShopBundle\\Controller\\Admin\\ProductController::formAction","_legacy_controller":"AdminProducts","_legacy_param_mapper_class":"PrestaShop\\PrestaShop\\Adapter\\Product\\AdminProductDataProvider","_legacy_param_mapper_method":"mapLegacyParametersProductForm","id":"2793","_route":"admin_product_form"},"request_uri":"https://woodyoubahamas.com/gettadmin/index.php/sell/catalog/products/2793?_token=gYrXHPajEXwH8ZEXTXDVk9x5Vos0gvCtKrxtB1aPziU","method":"GET"} []
[2024-04-07 19:16:31] security.DEBUG: Read existing security token from the session. {"key":"_security_main","token_class":"Symfony\\Component\\Security\\Core\\Authentication\\Token\\UsernamePasswordToken"} []
[2024-04-07 19:16:31] security.DEBUG: User was reloaded from a user provider. {"provider":"PrestaShopBundle\\Security\\Admin\\EmployeeProvider","username":"info@woodyoubahamas.com"} []
[2024-04-07 19:16:31] app.ERROR: Data from PrestaShop Addons is invalid, and cannot fallback on cache.  {"exception":"Client error response [url] https://api-addons.prestashop.com?format=json&iso_lang=en&iso_code=BS&version=1.7.7.2&shop_url=http%3A%2F%2Fwoodyoubahamas.com&method=listing&action=customer&username=patrick%40woodyoubahamas.com&password=Tekera%2333 [status code] 400 [reason phrase] Bad Request"} []
[2024-04-07 19:16:31] security.DEBUG: Stored the security token in the session. {"key":"_security_main"} []
[2024-04-07 19:17:15] request.INFO: Matched route "admin_product_form". {"route":"admin_product_form","route_parameters":{"_controller":"PrestaShopBundle\\Controller\\Admin\\ProductController::formAction","_legacy_controller":"AdminProducts","_legacy_param_mapper_class":"PrestaShop\\PrestaShop\\Adapter\\Product\\AdminProductDataProvider","_legacy_param_mapper_method":"mapLegacyParametersProductForm","id":"2801","_route":"admin_product_form"},"request_uri":"https://woodyoubahamas.com/gettadmin/index.php/sell/catalog/products/2801?_token=gYrXHPajEXwH8ZEXTXDVk9x5Vos0gvCtKrxtB1aPziU","method":"GET"} []
[2024-04-07 19:17:15] security.DEBUG: Read existing security token from the session. {"key":"_security_main","token_class":"Symfony\\Component\\Security\\Core\\Authentication\\Token\\UsernamePasswordToken"} []
[2024-04-07 19:17:15] security.DEBUG: User was reloaded from a user provider. {"provider":"PrestaShopBundle\\Security\\Admin\\EmployeeProvider","username":"info@woodyoubahamas.com"} []
[2024-04-07 19:17:15] app.ERROR: Data from PrestaShop Addons is invalid, and cannot fallback on cache.  {"exception":"Client error response [url] https://api-addons.prestashop.com?format=json&iso_lang=en&iso_code=BS&version=1.7.7.2&shop_url=http%3A%2F%2Fwoodyoubahamas.com&method=listing&action=customer&username=patrick%40woodyoubahamas.com&password=Tekera%2333 [status code] 400 [reason phrase] Bad Request"} []
[2024-04-07 19:17:15] security.DEBUG: Stored the security token in the session. {"key":"_security_main"} []
[2024-04-07 19:20:08] request.INFO: Matched route "admin_product_form". {"route":"admin_product_form","route_parameters":{"_controller":"PrestaShopBundle\\Controller\\Admin\\ProductController::formAction","_legacy_controller":"AdminProducts","_legacy_param_mapper_class":"PrestaShop\\PrestaShop\\Adapter\\Product\\AdminProductDataProvider","_legacy_param_mapper_method":"mapLegacyParametersProductForm","id":"2801","_route":"admin_product_form"},"request_uri":"https://woodyoubahamas.com/gettadmin/index.php/sell/catalog/products/2801?_token=gYrXHPajEXwH8ZEXTXDVk9x5Vos0gvCtKrxtB1aPziU","method":"GET"} []
[2024-04-07 19:20:08] security.DEBUG: Read existing security token from the session. {"key":"_security_main","token_class":"Symfony\\Component\\Security\\Core\\Authentication\\Token\\UsernamePasswordToken"} []
[2024-04-07 19:20:08] security.DEBUG: User was reloaded from a user provider. {"provider":"PrestaShopBundle\\Security\\Admin\\EmployeeProvider","username":"info@woodyoubahamas.com"} []
[2024-04-07 19:20:08] app.ERROR: Data from PrestaShop Addons is invalid, and cannot fallback on cache.  {"exception":"Client error response [url] https://api-addons.prestashop.com?format=json&iso_lang=en&iso_code=BS&version=1.7.7.2&shop_url=http%3A%2F%2Fwoodyoubahamas.com&method=listing&action=customer&username=patrick%40woodyoubahamas.com&password=Tekera%2333 [status code] 400 [reason phrase] Bad Request"} []
[2024-04-07 19:20:08] security.DEBUG: Stored the security token in the session. {"key":"_security_main"} []
[2024-04-07 19:21:32] request.INFO: Matched route "admin_product_form". {"route":"admin_product_form","route_parameters":{"_controller":"PrestaShopBundle\\Controller\\Admin\\ProductController::formAction","_legacy_controller":"AdminProducts","_legacy_param_mapper_class":"PrestaShop\\PrestaShop\\Adapter\\Product\\AdminProductDataProvider","_legacy_param_mapper_method":"mapLegacyParametersProductForm","id":"2802","_route":"admin_product_form"},"request_uri":"https://woodyoubahamas.com/gettadmin/index.php/sell/catalog/products/2802?_token=gYrXHPajEXwH8ZEXTXDVk9x5Vos0gvCtKrxtB1aPziU","method":"GET"} []
[2024-04-07 19:21:32] security.DEBUG: Read existing security token from the session. {"key":"_security_main","token_class":"Symfony\\Component\\Security\\Core\\Authentication\\Token\\UsernamePasswordToken"} []
[2024-04-07 19:21:32] security.DEBUG: User was reloaded from a user provider. {"provider":"PrestaShopBundle\\Security\\Admin\\EmployeeProvider","username":"info@woodyoubahamas.com"} []
[2024-04-07 19:21:32] app.ERROR: Data from PrestaShop Addons is invalid, and cannot fallback on cache.  {"exception":"Client error response [url] https://api-addons.prestashop.com?format=json&iso_lang=en&iso_code=BS&version=1.7.7.2&shop_url=http%3A%2F%2Fwoodyoubahamas.com&method=listing&action=customer&username=patrick%40woodyoubahamas.com&password=Tekera%2333 [status code] 400 [reason phrase] Bad Request"} []
[2024-04-07 19:21:32] security.DEBUG: Stored the security token in the session. {"key":"_security_main"} []
[2024-04-07 19:25:54] request.INFO: Matched route "admin_product_form". {"route":"admin_product_form","route_parameters":{"_controller":"PrestaShopBundle\\Controller\\Admin\\ProductController::formAction","_legacy_controller":"AdminProducts","_legacy_param_mapper_class":"PrestaShop\\PrestaShop\\Adapter\\Product\\AdminProductDataProvider","_legacy_param_mapper_method":"mapLegacyParametersProductForm","id":"5600","_route":"admin_product_form"},"request_uri":"https://woodyoubahamas.com/gettadmin/index.php/sell/catalog/products/5600?_token=gYrXHPajEXwH8ZEXTXDVk9x5Vos0gvCtKrxtB1aPziU","method":"GET"} []
[2024-04-07 19:25:54] security.DEBUG: Read existing security token from the session. {"key":"_security_main","token_class":"Symfony\\Component\\Security\\Core\\Authentication\\Token\\UsernamePasswordToken"} []
[2024-04-07 19:25:54] security.DEBUG: User was reloaded from a user provider. {"provider":"PrestaShopBundle\\Security\\Admin\\EmployeeProvider","username":"info@woodyoubahamas.com"} []
[2024-04-07 19:25:54] app.ERROR: Data from PrestaShop Addons is invalid, and cannot fallback on cache.  {"exception":"Client error response [url] https://api-addons.prestashop.com?format=json&iso_lang=en&iso_code=BS&version=1.7.7.2&shop_url=http%3A%2F%2Fwoodyoubahamas.com&method=listing&action=customer&username=patrick%40woodyoubahamas.com&password=Tekera%2333 [status code] 400 [reason phrase] Bad Request"} []
[2024-04-07 19:25:54] security.DEBUG: Stored the security token in the session. {"key":"_security_main"} []
[2024-04-07 19:30:15] request.INFO: Matched route "admin_product_form". {"route":"admin_product_form","route_parameters":{"_controller":"PrestaShopBundle\\Controller\\Admin\\ProductController::formAction","_legacy_controller":"AdminProducts","_legacy_param_mapper_class":"PrestaShop\\PrestaShop\\Adapter\\Product\\AdminProductDataProvider","_legacy_param_mapper_method":"mapLegacyParametersProductForm","id":"4784","_route":"admin_product_form"},"request_uri":"https://woodyoubahamas.com/gettadmin/index.php/sell/catalog/products/4784?_token=gYrXHPajEXwH8ZEXTXDVk9x5Vos0gvCtKrxtB1aPziU","method":"GET"} []
[2024-04-07 19:30:15] security.DEBUG: Read existing security token from the session. {"key":"_security_main","token_class":"Symfony\\Component\\Security\\Core\\Authentication\\Token\\UsernamePasswordToken"} []
[2024-04-07 19:30:15] security.DEBUG: User was reloaded from a user provider. {"provider":"PrestaShopBundle\\Security\\Admin\\EmployeeProvider","username":"info@woodyoubahamas.com"} []
[2024-04-07 19:30:15] app.ERROR: Data from PrestaShop Addons is invalid, and cannot fallback on cache.  {"exception":"Client error response [url] https://api-addons.prestashop.com?format=json&iso_lang=en&iso_code=BS&version=1.7.7.2&shop_url=http%3A%2F%2Fwoodyoubahamas.com&method=listing&action=customer&username=patrick%40woodyoubahamas.com&password=Tekera%2333 [status code] 400 [reason phrase] Bad Request"} []
[2024-04-07 19:30:15] security.DEBUG: Stored the security token in the session. {"key":"_security_main"} []
[2024-04-07 19:34:20] request.INFO: Matched route "admin_product_form". {"route":"admin_product_form","route_parameters":{"_controller":"PrestaShopBundle\\Controller\\Admin\\ProductController::formAction","_legacy_controller":"AdminProducts","_legacy_param_mapper_class":"PrestaShop\\PrestaShop\\Adapter\\Product\\AdminProductDataProvider","_legacy_param_mapper_method":"mapLegacyParametersProductForm","id":"4782","_route":"admin_product_form"},"request_uri":"https://woodyoubahamas.com/gettadmin/index.php/sell/catalog/products/4782?_token=gYrXHPajEXwH8ZEXTXDVk9x5Vos0gvCtKrxtB1aPziU","method":"GET"} []
[2024-04-07 19:34:20] security.DEBUG: Read existing security token from the session. {"key":"_security_main","token_class":"Symfony\\Component\\Security\\Core\\Authentication\\Token\\UsernamePasswordToken"} []
[2024-04-07 19:34:20] security.DEBUG: User was reloaded from a user provider. {"provider":"PrestaShopBundle\\Security\\Admin\\EmployeeProvider","username":"info@woodyoubahamas.com"} []
[2024-04-07 19:34:20] app.ERROR: Data from PrestaShop Addons is invalid, and cannot fallback on cache.  {"exception":"Client error response [url] https://api-addons.prestashop.com?format=json&iso_lang=en&iso_code=BS&version=1.7.7.2&shop_url=http%3A%2F%2Fwoodyoubahamas.com&method=listing&action=customer&username=patrick%40woodyoubahamas.com&password=Tekera%2333 [status code] 400 [reason phrase] Bad Request"} []
[2024-04-07 19:34:21] security.DEBUG: Stored the security token in the session. {"key":"_security_main"} []
[2024-04-07 19:39:41] request.INFO: Matched route "admin_product_form". {"route":"admin_product_form","route_parameters":{"_controller":"PrestaShopBundle\\Controller\\Admin\\ProductController::formAction","_legacy_controller":"AdminProducts","_legacy_param_mapper_class":"PrestaShop\\PrestaShop\\Adapter\\Product\\AdminProductDataProvider","_legacy_param_mapper_method":"mapLegacyParametersProductForm","id":"5139","_route":"admin_product_form"},"request_uri":"https://woodyoubahamas.com/gettadmin/index.php/sell/catalog/products/5139?_token=gYrXHPajEXwH8ZEXTXDVk9x5Vos0gvCtKrxtB1aPziU","method":"GET"} []
[2024-04-07 19:39:41] security.DEBUG: Read existing security token from the session. {"key":"_security_main","token_class":"Symfony\\Component\\Security\\Core\\Authentication\\Token\\UsernamePasswordToken"} []
[2024-04-07 19:39:41] security.DEBUG: User was reloaded from a user provider. {"provider":"PrestaShopBundle\\Security\\Admin\\EmployeeProvider","username":"info@woodyoubahamas.com"} []
[2024-04-07 19:39:42] app.ERROR: Data from PrestaShop Addons is invalid, and cannot fallback on cache.  {"exception":"Client error response [url] https://api-addons.prestashop.com?format=json&iso_lang=en&iso_code=BS&version=1.7.7.2&shop_url=http%3A%2F%2Fwoodyoubahamas.com&method=listing&action=customer&username=patrick%40woodyoubahamas.com&password=Tekera%2333 [status code] 400 [reason phrase] Bad Request"} []
[2024-04-07 19:39:42] security.DEBUG: Stored the security token in the session. {"key":"_security_main"} []
[2024-04-07 19:42:32] request.INFO: Matched route "admin_product_form". {"route":"admin_product_form","route_parameters":{"_controller":"PrestaShopBundle\\Controller\\Admin\\ProductController::formAction","_legacy_controller":"AdminProducts","_legacy_param_mapper_class":"PrestaShop\\PrestaShop\\Adapter\\Product\\AdminProductDataProvider","_legacy_param_mapper_method":"mapLegacyParametersProductForm","id":"2937","_route":"admin_product_form"},"request_uri":"https://woodyoubahamas.com/gettadmin/index.php/sell/catalog/products/2937?_token=gYrXHPajEXwH8ZEXTXDVk9x5Vos0gvCtKrxtB1aPziU","method":"GET"} []
[2024-04-07 19:42:32] security.DEBUG: Read existing security token from the session. {"key":"_security_main","token_class":"Symfony\\Component\\Security\\Core\\Authentication\\Token\\UsernamePasswordToken"} []
[2024-04-07 19:42:32] security.DEBUG: User was reloaded from a user provider. {"provider":"PrestaShopBundle\\Security\\Admin\\EmployeeProvider","username":"info@woodyoubahamas.com"} []
[2024-04-07 19:42:32] app.ERROR: Data from PrestaShop Addons is invalid, and cannot fallback on cache.  {"exception":"Client error response [url] https://api-addons.prestashop.com?format=json&iso_lang=en&iso_code=BS&version=1.7.7.2&shop_url=http%3A%2F%2Fwoodyoubahamas.com&method=listing&action=customer&username=patrick%40woodyoubahamas.com&password=Tekera%2333 [status code] 400 [reason phrase] Bad Request"} []
[2024-04-07 19:42:32] security.DEBUG: Stored the security token in the session. {"key":"_security_main"} []
[2024-04-07 20:03:55] request.INFO: Matched route "admin_product_form". {"route":"admin_product_form","route_parameters":{"_controller":"PrestaShopBundle\\Controller\\Admin\\ProductController::formAction","_legacy_controller":"AdminProducts","_legacy_param_mapper_class":"PrestaShop\\PrestaShop\\Adapter\\Product\\AdminProductDataProvider","_legacy_param_mapper_method":"mapLegacyParametersProductForm","id":"3618","_route":"admin_product_form"},"request_uri":"https://woodyoubahamas.com/gettadmin/index.php/sell/catalog/products/3618?_token=gYrXHPajEXwH8ZEXTXDVk9x5Vos0gvCtKrxtB1aPziU","method":"GET"} []
[2024-04-07 20:03:55] security.DEBUG: Read existing security token from the session. {"key":"_security_main","token_class":"Symfony\\Component\\Security\\Core\\Authentication\\Token\\UsernamePasswordToken"} []
[2024-04-07 20:03:55] security.DEBUG: User was reloaded from a user provider. {"provider":"PrestaShopBundle\\Security\\Admin\\EmployeeProvider","username":"info@woodyoubahamas.com"} []
[2024-04-07 20:03:55] app.ERROR: Data from PrestaShop Addons is invalid, and cannot fallback on cache.  {"exception":"Client error response [url] https://api-addons.prestashop.com?format=json&iso_lang=en&iso_code=BS&version=1.7.7.2&shop_url=http%3A%2F%2Fwoodyoubahamas.com&method=listing&action=customer&username=patrick%40woodyoubahamas.com&password=Tekera%2333 [status code] 400 [reason phrase] Bad Request"} []
[2024-04-07 20:03:55] security.DEBUG: Stored the security token in the session. {"key":"_security_main"} []
[2024-04-07 20:04:48] request.INFO: Matched route "admin_product_form". {"route":"admin_product_form","route_parameters":{"_controller":"PrestaShopBundle\\Controller\\Admin\\ProductController::formAction","_legacy_controller":"AdminProducts","_legacy_param_mapper_class":"PrestaShop\\PrestaShop\\Adapter\\Product\\AdminProductDataProvider","_legacy_param_mapper_method":"mapLegacyParametersProductForm","id":"2937","_route":"admin_product_form"},"request_uri":"https://woodyoubahamas.com/gettadmin/index.php/sell/catalog/products/2937?_token=gYrXHPajEXwH8ZEXTXDVk9x5Vos0gvCtKrxtB1aPziU","method":"GET"} []
[2024-04-07 20:04:48] security.DEBUG: Read existing security token from the session. {"key":"_security_main","token_class":"Symfony\\Component\\Security\\Core\\Authentication\\Token\\UsernamePasswordToken"} []
[2024-04-07 20:04:48] security.DEBUG: User was reloaded from a user provider. {"provider":"PrestaShopBundle\\Security\\Admin\\EmployeeProvider","username":"info@woodyoubahamas.com"} []
[2024-04-07 20:04:49] app.ERROR: Data from PrestaShop Addons is invalid, and cannot fallback on cache.  {"exception":"Client error response [url] https://api-addons.prestashop.com?format=json&iso_lang=en&iso_code=BS&version=1.7.7.2&shop_url=http%3A%2F%2Fwoodyoubahamas.com&method=listing&action=customer&username=patrick%40woodyoubahamas.com&password=Tekera%2333 [status code] 400 [reason phrase] Bad Request"} []
[2024-04-07 20:04:49] security.DEBUG: Stored the security token in the session. {"key":"_security_main"} []
[2024-04-07 20:06:48] request.INFO: Matched route "admin_product_form". {"route":"admin_product_form","route_parameters":{"_controller":"PrestaShopBundle\\Controller\\Admin\\ProductController::formAction","_legacy_controller":"AdminProducts","_legacy_param_mapper_class":"PrestaShop\\PrestaShop\\Adapter\\Product\\AdminProductDataProvider","_legacy_param_mapper_method":"mapLegacyParametersProductForm","id":"2880","_route":"admin_product_form"},"request_uri":"https://woodyoubahamas.com/gettadmin/index.php/sell/catalog/products/2880?_token=gYrXHPajEXwH8ZEXTXDVk9x5Vos0gvCtKrxtB1aPziU","method":"GET"} []
[2024-04-07 20:06:48] security.DEBUG: Read existing security token from the session. {"key":"_security_main","token_class":"Symfony\\Component\\Security\\Core\\Authentication\\Token\\UsernamePasswordToken"} []
[2024-04-07 20:06:48] security.DEBUG: User was reloaded from a user provider. {"provider":"PrestaShopBundle\\Security\\Admin\\EmployeeProvider","username":"info@woodyoubahamas.com"} []
[2024-04-07 20:06:48] app.ERROR: Data from PrestaShop Addons is invalid, and cannot fallback on cache.  {"exception":"Client error response [url] https://api-addons.prestashop.com?format=json&iso_lang=en&iso_code=BS&version=1.7.7.2&shop_url=http%3A%2F%2Fwoodyoubahamas.com&method=listing&action=customer&username=patrick%40woodyoubahamas.com&password=Tekera%2333 [status code] 400 [reason phrase] Bad Request"} []
[2024-04-07 20:06:48] security.DEBUG: Stored the security token in the session. {"key":"_security_main"} []
[2024-04-07 20:17:49] request.INFO: Matched route "admin_product_form". {"route":"admin_product_form","route_parameters":{"_controller":"PrestaShopBundle\\Controller\\Admin\\ProductController::formAction","_legacy_controller":"AdminProducts","_legacy_param_mapper_class":"PrestaShop\\PrestaShop\\Adapter\\Product\\AdminProductDataProvider","_legacy_param_mapper_method":"mapLegacyParametersProductForm","id":"2802","_route":"admin_product_form"},"request_uri":"https://woodyoubahamas.com/gettadmin/index.php/sell/catalog/products/2802?_token=gYrXHPajEXwH8ZEXTXDVk9x5Vos0gvCtKrxtB1aPziU","method":"GET"} []
[2024-04-07 20:17:49] security.DEBUG: Read existing security token from the session. {"key":"_security_main","token_class":"Symfony\\Component\\Security\\Core\\Authentication\\Token\\UsernamePasswordToken"} []
[2024-04-07 20:17:49] security.DEBUG: User was reloaded from a user provider. {"provider":"PrestaShopBundle\\Security\\Admin\\EmployeeProvider","username":"info@woodyoubahamas.com"} []
[2024-04-07 20:17:50] app.ERROR: Data from PrestaShop Addons is invalid, and cannot fallback on cache.  {"exception":"Client error response [url] https://api-addons.prestashop.com?format=json&iso_lang=en&iso_code=BS&version=1.7.7.2&shop_url=http%3A%2F%2Fwoodyoubahamas.com&method=listing&action=customer&username=patrick%40woodyoubahamas.com&password=Tekera%2333 [status code] 400 [reason phrase] Bad Request"} []
[2024-04-07 20:17:50] security.DEBUG: Stored the security token in the session. {"key":"_security_main"} []
[2024-04-07 20:20:14] request.INFO: Matched route "admin_product_form". {"route":"admin_product_form","route_parameters":{"_controller":"PrestaShopBundle\\Controller\\Admin\\ProductController::formAction","_legacy_controller":"AdminProducts","_legacy_param_mapper_class":"PrestaShop\\PrestaShop\\Adapter\\Product\\AdminProductDataProvider","_legacy_param_mapper_method":"mapLegacyParametersProductForm","id":"2794","_route":"admin_product_form"},"request_uri":"https://woodyoubahamas.com/gettadmin/index.php/sell/catalog/products/2794?_token=gYrXHPajEXwH8ZEXTXDVk9x5Vos0gvCtKrxtB1aPziU","method":"GET"} []
[2024-04-07 20:20:14] security.DEBUG: Read existing security token from the session. {"key":"_security_main","token_class":"Symfony\\Component\\Security\\Core\\Authentication\\Token\\UsernamePasswordToken"} []
[2024-04-07 20:20:14] security.DEBUG: User was reloaded from a user provider. {"provider":"PrestaShopBundle\\Security\\Admin\\EmployeeProvider","username":"info@woodyoubahamas.com"} []
[2024-04-07 20:20:14] app.ERROR: Data from PrestaShop Addons is invalid, and cannot fallback on cache.  {"exception":"Client error response [url] https://api-addons.prestashop.com?format=json&iso_lang=en&iso_code=BS&version=1.7.7.2&shop_url=http%3A%2F%2Fwoodyoubahamas.com&method=listing&action=customer&username=patrick%40woodyoubahamas.com&password=Tekera%2333 [status code] 400 [reason phrase] Bad Request"} []
[2024-04-07 20:20:14] security.DEBUG: Stored the security token in the session. {"key":"_security_main"} []
[2024-04-07 20:21:58] request.INFO: Matched route "admin_product_form". {"route":"admin_product_form","route_parameters":{"_controller":"PrestaShopBundle\\Controller\\Admin\\ProductController::formAction","_legacy_controller":"AdminProducts","_legacy_param_mapper_class":"PrestaShop\\PrestaShop\\Adapter\\Product\\AdminProductDataProvider","_legacy_param_mapper_method":"mapLegacyParametersProductForm","id":"2801","_route":"admin_product_form"},"request_uri":"https://woodyoubahamas.com/gettadmin/index.php/sell/catalog/products/2801?_token=gYrXHPajEXwH8ZEXTXDVk9x5Vos0gvCtKrxtB1aPziU","method":"GET"} []
[2024-04-07 20:21:58] security.DEBUG: Read existing security token from the session. {"key":"_security_main","token_class":"Symfony\\Component\\Security\\Core\\Authentication\\Token\\UsernamePasswordToken"} []
[2024-04-07 20:21:58] security.DEBUG: User was reloaded from a user provider. {"provider":"PrestaShopBundle\\Security\\Admin\\EmployeeProvider","username":"info@woodyoubahamas.com"} []
[2024-04-07 20:21:58] app.ERROR: Data from PrestaShop Addons is invalid, and cannot fallback on cache.  {"exception":"Client error response [url] https://api-addons.prestashop.com?format=json&iso_lang=en&iso_code=BS&version=1.7.7.2&shop_url=http%3A%2F%2Fwoodyoubahamas.com&method=listing&action=customer&username=patrick%40woodyoubahamas.com&password=Tekera%2333 [status code] 400 [reason phrase] Bad Request"} []
[2024-04-07 20:21:58] security.DEBUG: Stored the security token in the session. {"key":"_security_main"} []
[2024-04-07 20:23:32] request.INFO: Matched route "admin_product_form". {"route":"admin_product_form","route_parameters":{"_controller":"PrestaShopBundle\\Controller\\Admin\\ProductController::formAction","_legacy_controller":"AdminProducts","_legacy_param_mapper_class":"PrestaShop\\PrestaShop\\Adapter\\Product\\AdminProductDataProvider","_legacy_param_mapper_method":"mapLegacyParametersProductForm","id":"5595","_route":"admin_product_form"},"request_uri":"https://woodyoubahamas.com/gettadmin/index.php/sell/catalog/products/5595?_token=gYrXHPajEXwH8ZEXTXDVk9x5Vos0gvCtKrxtB1aPziU","method":"GET"} []
[2024-04-07 20:23:32] security.DEBUG: Read existing security token from the session. {"key":"_security_main","token_class":"Symfony\\Component\\Security\\Core\\Authentication\\Token\\UsernamePasswordToken"} []
[2024-04-07 20:23:32] security.DEBUG: User was reloaded from a user provider. {"provider":"PrestaShopBundle\\Security\\Admin\\EmployeeProvider","username":"info@woodyoubahamas.com"} []
[2024-04-07 20:23:32] app.ERROR: Data from PrestaShop Addons is invalid, and cannot fallback on cache.  {"exception":"Client error response [url] https://api-addons.prestashop.com?format=json&iso_lang=en&iso_code=BS&version=1.7.7.2&shop_url=http%3A%2F%2Fwoodyoubahamas.com&method=listing&action=customer&username=patrick%40woodyoubahamas.com&password=Tekera%2333 [status code] 400 [reason phrase] Bad Request"} []
[2024-04-07 20:23:32] security.DEBUG: Stored the security token in the session. {"key":"_security_main"} []
[2024-04-07 20:26:05] request.INFO: Matched route "admin_product_form". {"route":"admin_product_form","route_parameters":{"_controller":"PrestaShopBundle\\Controller\\Admin\\ProductController::formAction","_legacy_controller":"AdminProducts","_legacy_param_mapper_class":"PrestaShop\\PrestaShop\\Adapter\\Product\\AdminProductDataProvider","_legacy_param_mapper_method":"mapLegacyParametersProductForm","id":"5583","_route":"admin_product_form"},"request_uri":"https://woodyoubahamas.com/gettadmin/index.php/sell/catalog/products/5583?_token=gYrXHPajEXwH8ZEXTXDVk9x5Vos0gvCtKrxtB1aPziU","method":"GET"} []
[2024-04-07 20:26:05] security.DEBUG: Read existing security token from the session. {"key":"_security_main","token_class":"Symfony\\Component\\Security\\Core\\Authentication\\Token\\UsernamePasswordToken"} []
[2024-04-07 20:26:05] security.DEBUG: User was reloaded from a user provider. {"provider":"PrestaShopBundle\\Security\\Admin\\EmployeeProvider","username":"info@woodyoubahamas.com"} []
[2024-04-07 20:26:05] app.ERROR: Data from PrestaShop Addons is invalid, and cannot fallback on cache.  {"exception":"Client error response [url] https://api-addons.prestashop.com?format=json&iso_lang=en&iso_code=BS&version=1.7.7.2&shop_url=http%3A%2F%2Fwoodyoubahamas.com&method=listing&action=customer&username=patrick%40woodyoubahamas.com&password=Tekera%2333 [status code] 400 [reason phrase] Bad Request"} []
[2024-04-07 20:26:05] security.DEBUG: Stored the security token in the session. {"key":"_security_main"} []
[2024-04-07 20:27:33] request.INFO: Matched route "admin_product_form". {"route":"admin_product_form","route_parameters":{"_controller":"PrestaShopBundle\\Controller\\Admin\\ProductController::formAction","_legacy_controller":"AdminProducts","_legacy_param_mapper_class":"PrestaShop\\PrestaShop\\Adapter\\Product\\AdminProductDataProvider","_legacy_param_mapper_method":"mapLegacyParametersProductForm","id":"5477","_route":"admin_product_form"},"request_uri":"https://woodyoubahamas.com/gettadmin/index.php/sell/catalog/products/5477?_token=gYrXHPajEXwH8ZEXTXDVk9x5Vos0gvCtKrxtB1aPziU","method":"GET"} []
[2024-04-07 20:27:33] security.DEBUG: Read existing security token from the session. {"key":"_security_main","token_class":"Symfony\\Component\\Security\\Core\\Authentication\\Token\\UsernamePasswordToken"} []
[2024-04-07 20:27:33] security.DEBUG: User was reloaded from a user provider. {"provider":"PrestaShopBundle\\Security\\Admin\\EmployeeProvider","username":"info@woodyoubahamas.com"} []
[2024-04-07 20:27:33] app.ERROR: Data from PrestaShop Addons is invalid, and cannot fallback on cache.  {"exception":"Client error response [url] https://api-addons.prestashop.com?format=json&iso_lang=en&iso_code=BS&version=1.7.7.2&shop_url=http%3A%2F%2Fwoodyoubahamas.com&method=listing&action=customer&username=patrick%40woodyoubahamas.com&password=Tekera%2333 [status code] 400 [reason phrase] Bad Request"} []
[2024-04-07 20:27:33] security.DEBUG: Stored the security token in the session. {"key":"_security_main"} []
[2024-04-07 20:28:39] request.INFO: Matched route "admin_product_form". {"route":"admin_product_form","route_parameters":{"_controller":"PrestaShopBundle\\Controller\\Admin\\ProductController::formAction","_legacy_controller":"AdminProducts","_legacy_param_mapper_class":"PrestaShop\\PrestaShop\\Adapter\\Product\\AdminProductDataProvider","_legacy_param_mapper_method":"mapLegacyParametersProductForm","id":"5552","_route":"admin_product_form"},"request_uri":"https://woodyoubahamas.com/gettadmin/index.php/sell/catalog/products/5552?_token=gYrXHPajEXwH8ZEXTXDVk9x5Vos0gvCtKrxtB1aPziU","method":"GET"} []
[2024-04-07 20:28:39] security.DEBUG: Read existing security token from the session. {"key":"_security_main","token_class":"Symfony\\Component\\Security\\Core\\Authentication\\Token\\UsernamePasswordToken"} []
[2024-04-07 20:28:39] security.DEBUG: User was reloaded from a user provider. {"provider":"PrestaShopBundle\\Security\\Admin\\EmployeeProvider","username":"info@woodyoubahamas.com"} []
[2024-04-07 20:28:40] app.ERROR: Data from PrestaShop Addons is invalid, and cannot fallback on cache.  {"exception":"Client error response [url] https://api-addons.prestashop.com?format=json&iso_lang=en&iso_code=BS&version=1.7.7.2&shop_url=http%3A%2F%2Fwoodyoubahamas.com&method=listing&action=customer&username=patrick%40woodyoubahamas.com&password=Tekera%2333 [status code] 400 [reason phrase] Bad Request"} []
[2024-04-07 20:28:41] security.DEBUG: Stored the security token in the session. {"key":"_security_main"} []
[2024-04-07 20:29:08] request.INFO: Matched route "admin_product_form". {"route":"admin_product_form","route_parameters":{"_controller":"PrestaShopBundle\\Controller\\Admin\\ProductController::formAction","_legacy_controller":"AdminProducts","_legacy_param_mapper_class":"PrestaShop\\PrestaShop\\Adapter\\Product\\AdminProductDataProvider","_legacy_param_mapper_method":"mapLegacyParametersProductForm","id":"5552","_route":"admin_product_form"},"request_uri":"https://woodyoubahamas.com/gettadmin/index.php/sell/catalog/products/5552?_token=gYrXHPajEXwH8ZEXTXDVk9x5Vos0gvCtKrxtB1aPziU","method":"GET"} []
[2024-04-07 20:29:08] security.DEBUG: Read existing security token from the session. {"key":"_security_main","token_class":"Symfony\\Component\\Security\\Core\\Authentication\\Token\\UsernamePasswordToken"} []
[2024-04-07 20:29:08] security.DEBUG: User was reloaded from a user provider. {"provider":"PrestaShopBundle\\Security\\Admin\\EmployeeProvider","username":"info@woodyoubahamas.com"} []
[2024-04-07 20:29:09] app.ERROR: Data from PrestaShop Addons is invalid, and cannot fallback on cache.  {"exception":"Client error response [url] https://api-addons.prestashop.com?format=json&iso_lang=en&iso_code=BS&version=1.7.7.2&shop_url=http%3A%2F%2Fwoodyoubahamas.com&method=listing&action=customer&username=patrick%40woodyoubahamas.com&password=Tekera%2333 [status code] 400 [reason phrase] Bad Request"} []
[2024-04-07 20:29:10] security.DEBUG: Stored the security token in the session. {"key":"_security_main"} []
[2024-04-07 20:30:06] request.INFO: Matched route "admin_product_form". {"route":"admin_product_form","route_parameters":{"_controller":"PrestaShopBundle\\Controller\\Admin\\ProductController::formAction","_legacy_controller":"AdminProducts","_legacy_param_mapper_class":"PrestaShop\\PrestaShop\\Adapter\\Product\\AdminProductDataProvider","_legacy_param_mapper_method":"mapLegacyParametersProductForm","id":"5552","_route":"admin_product_form"},"request_uri":"https://woodyoubahamas.com/gettadmin/index.php/sell/catalog/products/5552?_token=gYrXHPajEXwH8ZEXTXDVk9x5Vos0gvCtKrxtB1aPziU","method":"GET"} []
[2024-04-07 20:30:06] security.DEBUG: Read existing security token from the session. {"key":"_security_main","token_class":"Symfony\\Component\\Security\\Core\\Authentication\\Token\\UsernamePasswordToken"} []
[2024-04-07 20:30:06] security.DEBUG: User was reloaded from a user provider. {"provider":"PrestaShopBundle\\Security\\Admin\\EmployeeProvider","username":"info@woodyoubahamas.com"} []
[2024-04-07 20:30:07] app.ERROR: Data from PrestaShop Addons is invalid, and cannot fallback on cache.  {"exception":"Client error response [url] https://api-addons.prestashop.com?format=json&iso_lang=en&iso_code=BS&version=1.7.7.2&shop_url=http%3A%2F%2Fwoodyoubahamas.com&method=listing&action=customer&username=patrick%40woodyoubahamas.com&password=Tekera%2333 [status code] 400 [reason phrase] Bad Request"} []
[2024-04-07 20:30:08] security.DEBUG: Stored the security token in the session. {"key":"_security_main"} []
[2024-04-07 20:31:02] request.INFO: Matched route "admin_product_form". {"route":"admin_product_form","route_parameters":{"_controller":"PrestaShopBundle\\Controller\\Admin\\ProductController::formAction","_legacy_controller":"AdminProducts","_legacy_param_mapper_class":"PrestaShop\\PrestaShop\\Adapter\\Product\\AdminProductDataProvider","_legacy_param_mapper_method":"mapLegacyParametersProductForm","id":"5475","_route":"admin_product_form"},"request_uri":"https://woodyoubahamas.com/gettadmin/index.php/sell/catalog/products/5475?_token=gYrXHPajEXwH8ZEXTXDVk9x5Vos0gvCtKrxtB1aPziU","method":"GET"} []
[2024-04-07 20:31:02] security.DEBUG: Read existing security token from the session. {"key":"_security_main","token_class":"Symfony\\Component\\Security\\Core\\Authentication\\Token\\UsernamePasswordToken"} []
[2024-04-07 20:31:02] security.DEBUG: User was reloaded from a user provider. {"provider":"PrestaShopBundle\\Security\\Admin\\EmployeeProvider","username":"info@woodyoubahamas.com"} []
[2024-04-07 20:31:03] app.ERROR: Data from PrestaShop Addons is invalid, and cannot fallback on cache.  {"exception":"Client error response [url] https://api-addons.prestashop.com?format=json&iso_lang=en&iso_code=BS&version=1.7.7.2&shop_url=http%3A%2F%2Fwoodyoubahamas.com&method=listing&action=customer&username=patrick%40woodyoubahamas.com&password=Tekera%2333 [status code] 400 [reason phrase] Bad Request"} []
[2024-04-07 20:31:03] security.DEBUG: Stored the security token in the session. {"key":"_security_main"} []
[2024-04-07 20:31:38] request.INFO: Matched route "admin_product_form". {"route":"admin_product_form","route_parameters":{"_controller":"PrestaShopBundle\\Controller\\Admin\\ProductController::formAction","_legacy_controller":"AdminProducts","_legacy_param_mapper_class":"PrestaShop\\PrestaShop\\Adapter\\Product\\AdminProductDataProvider","_legacy_param_mapper_method":"mapLegacyParametersProductForm","id":"5484","_route":"admin_product_form"},"request_uri":"https://woodyoubahamas.com/gettadmin/index.php/sell/catalog/products/5484?_token=gYrXHPajEXwH8ZEXTXDVk9x5Vos0gvCtKrxtB1aPziU","method":"GET"} []
[2024-04-07 20:31:38] security.DEBUG: Read existing security token from the session. {"key":"_security_main","token_class":"Symfony\\Component\\Security\\Core\\Authentication\\Token\\UsernamePasswordToken"} []
[2024-04-07 20:31:38] security.DEBUG: User was reloaded from a user provider. {"provider":"PrestaShopBundle\\Security\\Admin\\EmployeeProvider","username":"info@woodyoubahamas.com"} []
[2024-04-07 20:31:38] app.ERROR: Data from PrestaShop Addons is invalid, and cannot fallback on cache.  {"exception":"Client error response [url] https://api-addons.prestashop.com?format=json&iso_lang=en&iso_code=BS&version=1.7.7.2&shop_url=http%3A%2F%2Fwoodyoubahamas.com&method=listing&action=customer&username=patrick%40woodyoubahamas.com&password=Tekera%2333 [status code] 400 [reason phrase] Bad Request"} []
[2024-04-07 20:31:38] security.DEBUG: Stored the security token in the session. {"key":"_security_main"} []
[2024-04-07 20:33:06] request.INFO: Matched route "admin_product_form". {"route":"admin_product_form","route_parameters":{"_controller":"PrestaShopBundle\\Controller\\Admin\\ProductController::formAction","_legacy_controller":"AdminProducts","_legacy_param_mapper_class":"PrestaShop\\PrestaShop\\Adapter\\Product\\AdminProductDataProvider","_legacy_param_mapper_method":"mapLegacyParametersProductForm","id":"1792","_route":"admin_product_form"},"request_uri":"https://woodyoubahamas.com/gettadmin/index.php/sell/catalog/products/1792?_token=gYrXHPajEXwH8ZEXTXDVk9x5Vos0gvCtKrxtB1aPziU","method":"GET"} []
[2024-04-07 20:33:06] security.DEBUG: Read existing security token from the session. {"key":"_security_main","token_class":"Symfony\\Component\\Security\\Core\\Authentication\\Token\\UsernamePasswordToken"} []
[2024-04-07 20:33:06] security.DEBUG: User was reloaded from a user provider. {"provider":"PrestaShopBundle\\Security\\Admin\\EmployeeProvider","username":"info@woodyoubahamas.com"} []
[2024-04-07 20:33:06] app.ERROR: Data from PrestaShop Addons is invalid, and cannot fallback on cache.  {"exception":"Client error response [url] https://api-addons.prestashop.com?format=json&iso_lang=en&iso_code=BS&version=1.7.7.2&shop_url=http%3A%2F%2Fwoodyoubahamas.com&method=listing&action=customer&username=patrick%40woodyoubahamas.com&password=Tekera%2333 [status code] 400 [reason phrase] Bad Request"} []
[2024-04-07 20:33:06] security.DEBUG: Stored the security token in the session. {"key":"_security_main"} []
[2024-04-07 20:37:15] request.INFO: Matched route "admin_product_form". {"route":"admin_product_form","route_parameters":{"_controller":"PrestaShopBundle\\Controller\\Admin\\ProductController::formAction","_legacy_controller":"AdminProducts","_legacy_param_mapper_class":"PrestaShop\\PrestaShop\\Adapter\\Product\\AdminProductDataProvider","_legacy_param_mapper_method":"mapLegacyParametersProductForm","id":"5478","_route":"admin_product_form"},"request_uri":"https://woodyoubahamas.com/gettadmin/index.php/sell/catalog/products/5478?_token=gYrXHPajEXwH8ZEXTXDVk9x5Vos0gvCtKrxtB1aPziU","method":"GET"} []
[2024-04-07 20:37:15] security.DEBUG: Read existing security token from the session. {"key":"_security_main","token_class":"Symfony\\Component\\Security\\Core\\Authentication\\Token\\UsernamePasswordToken"} []
[2024-04-07 20:37:15] security.DEBUG: User was reloaded from a user provider. {"provider":"PrestaShopBundle\\Security\\Admin\\EmployeeProvider","username":"info@woodyoubahamas.com"} []
[2024-04-07 20:37:15] app.ERROR: Data from PrestaShop Addons is invalid, and cannot fallback on cache.  {"exception":"Client error response [url] https://api-addons.prestashop.com?format=json&iso_lang=en&iso_code=BS&version=1.7.7.2&shop_url=http%3A%2F%2Fwoodyoubahamas.com&method=listing&action=customer&username=patrick%40woodyoubahamas.com&password=Tekera%2333 [status code] 400 [reason phrase] Bad Request"} []
[2024-04-07 20:37:15] security.DEBUG: Stored the security token in the session. {"key":"_security_main"} []
[2024-04-07 20:42:50] request.INFO: Matched route "admin_product_form". {"route":"admin_product_form","route_parameters":{"_controller":"PrestaShopBundle\\Controller\\Admin\\ProductController::formAction","_legacy_controller":"AdminProducts","_legacy_param_mapper_class":"PrestaShop\\PrestaShop\\Adapter\\Product\\AdminProductDataProvider","_legacy_param_mapper_method":"mapLegacyParametersProductForm","id":"5547","_route":"admin_product_form"},"request_uri":"https://woodyoubahamas.com/gettadmin/index.php/sell/catalog/products/5547?_token=gYrXHPajEXwH8ZEXTXDVk9x5Vos0gvCtKrxtB1aPziU","method":"GET"} []
[2024-04-07 20:42:50] security.DEBUG: Read existing security token from the session. {"key":"_security_main","token_class":"Symfony\\Component\\Security\\Core\\Authentication\\Token\\UsernamePasswordToken"} []
[2024-04-07 20:42:50] security.DEBUG: User was reloaded from a user provider. {"provider":"PrestaShopBundle\\Security\\Admin\\EmployeeProvider","username":"info@woodyoubahamas.com"} []
[2024-04-07 20:42:51] app.ERROR: Data from PrestaShop Addons is invalid, and cannot fallback on cache.  {"exception":"Client error response [url] https://api-addons.prestashop.com?format=json&iso_lang=en&iso_code=BS&version=1.7.7.2&shop_url=http%3A%2F%2Fwoodyoubahamas.com&method=listing&action=customer&username=patrick%40woodyoubahamas.com&password=Tekera%2333 [status code] 400 [reason phrase] Bad Request"} []
[2024-04-07 20:42:51] security.DEBUG: Stored the security token in the session. {"key":"_security_main"} []
[2024-04-07 20:44:55] request.INFO: Matched route "admin_product_form". {"route":"admin_product_form","route_parameters":{"_controller":"PrestaShopBundle\\Controller\\Admin\\ProductController::formAction","_legacy_controller":"AdminProducts","_legacy_param_mapper_class":"PrestaShop\\PrestaShop\\Adapter\\Product\\AdminProductDataProvider","_legacy_param_mapper_method":"mapLegacyParametersProductForm","id":"5569","_route":"admin_product_form"},"request_uri":"https://woodyoubahamas.com/gettadmin/index.php/sell/catalog/products/5569?_token=gYrXHPajEXwH8ZEXTXDVk9x5Vos0gvCtKrxtB1aPziU","method":"GET"} []
[2024-04-07 20:44:55] security.DEBUG: Read existing security token from the session. {"key":"_security_main","token_class":"Symfony\\Component\\Security\\Core\\Authentication\\Token\\UsernamePasswordToken"} []
[2024-04-07 20:44:55] security.DEBUG: User was reloaded from a user provider. {"provider":"PrestaShopBundle\\Security\\Admin\\EmployeeProvider","username":"info@woodyoubahamas.com"} []
[2024-04-07 20:44:55] app.ERROR: Data from PrestaShop Addons is invalid, and cannot fallback on cache.  {"exception":"Client error response [url] https://api-addons.prestashop.com?format=json&iso_lang=en&iso_code=BS&version=1.7.7.2&shop_url=http%3A%2F%2Fwoodyoubahamas.com&method=listing&action=customer&username=patrick%40woodyoubahamas.com&password=Tekera%2333 [status code] 400 [reason phrase] Bad Request"} []
[2024-04-07 20:44:55] security.DEBUG: Stored the security token in the session. {"key":"_security_main"} []
[2024-04-07 20:56:53] request.INFO: Matched route "admin_product_form". {"route":"admin_product_form","route_parameters":{"_controller":"PrestaShopBundle\\Controller\\Admin\\ProductController::formAction","_legacy_controller":"AdminProducts","_legacy_param_mapper_class":"PrestaShop\\PrestaShop\\Adapter\\Product\\AdminProductDataProvider","_legacy_param_mapper_method":"mapLegacyParametersProductForm","id":"2802","_route":"admin_product_form"},"request_uri":"https://woodyoubahamas.com/gettadmin/index.php/sell/catalog/products/2802?_token=gYrXHPajEXwH8ZEXTXDVk9x5Vos0gvCtKrxtB1aPziU","method":"GET"} []
[2024-04-07 20:56:53] security.DEBUG: Read existing security token from the session. {"key":"_security_main","token_class":"Symfony\\Component\\Security\\Core\\Authentication\\Token\\UsernamePasswordToken"} []
[2024-04-07 20:56:53] security.DEBUG: User was reloaded from a user provider. {"provider":"PrestaShopBundle\\Security\\Admin\\EmployeeProvider","username":"info@woodyoubahamas.com"} []
[2024-04-07 20:56:53] app.ERROR: Data from PrestaShop Addons is invalid, and cannot fallback on cache.  {"exception":"Client error response [url] https://api-addons.prestashop.com?format=json&iso_lang=en&iso_code=BS&version=1.7.7.2&shop_url=http%3A%2F%2Fwoodyoubahamas.com&method=listing&action=customer&username=patrick%40woodyoubahamas.com&password=Tekera%2333 [status code] 400 [reason phrase] Bad Request"} []
[2024-04-07 20:56:53] security.DEBUG: Stored the security token in the session. {"key":"_security_main"} []
[2024-04-07 20:59:31] request.INFO: Matched route "admin_product_form". {"route":"admin_product_form","route_parameters":{"_controller":"PrestaShopBundle\\Controller\\Admin\\ProductController::formAction","_legacy_controller":"AdminProducts","_legacy_param_mapper_class":"PrestaShop\\PrestaShop\\Adapter\\Product\\AdminProductDataProvider","_legacy_param_mapper_method":"mapLegacyParametersProductForm","id":"2801","_route":"admin_product_form"},"request_uri":"https://woodyoubahamas.com/gettadmin/index.php/sell/catalog/products/2801?_token=gYrXHPajEXwH8ZEXTXDVk9x5Vos0gvCtKrxtB1aPziU","method":"GET"} []
[2024-04-07 20:59:31] security.DEBUG: Read existing security token from the session. {"key":"_security_main","token_class":"Symfony\\Component\\Security\\Core\\Authentication\\Token\\UsernamePasswordToken"} []
[2024-04-07 20:59:31] security.DEBUG: User was reloaded from a user provider. {"provider":"PrestaShopBundle\\Security\\Admin\\EmployeeProvider","username":"info@woodyoubahamas.com"} []
[2024-04-07 20:59:31] app.ERROR: Data from PrestaShop Addons is invalid, and cannot fallback on cache.  {"exception":"Client error response [url] https://api-addons.prestashop.com?format=json&iso_lang=en&iso_code=BS&version=1.7.7.2&shop_url=http%3A%2F%2Fwoodyoubahamas.com&method=listing&action=customer&username=patrick%40woodyoubahamas.com&password=Tekera%2333 [status code] 400 [reason phrase] Bad Request"} []
[2024-04-07 20:59:32] security.DEBUG: Stored the security token in the session. {"key":"_security_main"} []
[2024-04-07 21:01:14] request.INFO: Matched route "admin_product_form". {"route":"admin_product_form","route_parameters":{"_controller":"PrestaShopBundle\\Controller\\Admin\\ProductController::formAction","_legacy_controller":"AdminProducts","_legacy_param_mapper_class":"PrestaShop\\PrestaShop\\Adapter\\Product\\AdminProductDataProvider","_legacy_param_mapper_method":"mapLegacyParametersProductForm","id":"4782","_route":"admin_product_form"},"request_uri":"https://woodyoubahamas.com/gettadmin/index.php/sell/catalog/products/4782?_token=gYrXHPajEXwH8ZEXTXDVk9x5Vos0gvCtKrxtB1aPziU","method":"GET"} []
[2024-04-07 21:01:14] security.DEBUG: Read existing security token from the session. {"key":"_security_main","token_class":"Symfony\\Component\\Security\\Core\\Authentication\\Token\\UsernamePasswordToken"} []
[2024-04-07 21:01:14] security.DEBUG: User was reloaded from a user provider. {"provider":"PrestaShopBundle\\Security\\Admin\\EmployeeProvider","username":"info@woodyoubahamas.com"} []
[2024-04-07 21:01:14] app.ERROR: Data from PrestaShop Addons is invalid, and cannot fallback on cache.  {"exception":"Client error response [url] https://api-addons.prestashop.com?format=json&iso_lang=en&iso_code=BS&version=1.7.7.2&shop_url=http%3A%2F%2Fwoodyoubahamas.com&method=listing&action=customer&username=patrick%40woodyoubahamas.com&password=Tekera%2333 [status code] 400 [reason phrase] Bad Request"} []
[2024-04-07 21:01:14] security.DEBUG: Stored the security token in the session. {"key":"_security_main"} []
[2024-05-09 17:16:50] request.INFO: Matched route "admin_sql_requests_create". {"route":"admin_sql_requests_create","route_parameters":{"_controller":"PrestaShopBundle\\Controller\\Admin\\Configure\\AdvancedParameters\\SqlManagerController::createAction","_legacy_controller":"AdminRequestSql","_legacy_link":"AdminRequestSql:addrequest_sql","_route":"admin_sql_requests_create"},"request_uri":"https://woodyoubahamas.com/gettadmin/index.php/configure/advanced/sql-requests/new?_token=52P-wPufeqLV8YO8iBxhdslT7xetHdXsSwQef5t4Jic","method":"POST"} []
[2024-05-09 17:16:50] security.DEBUG: Read existing security token from the session. {"key":"_security_main","token_class":"Symfony\\Component\\Security\\Core\\Authentication\\Token\\UsernamePasswordToken"} []
[2024-05-09 17:16:50] security.DEBUG: User was reloaded from a user provider. {"provider":"PrestaShopBundle\\Security\\Admin\\EmployeeProvider","username":"info@woodyoubahamas.com"} []
[2024-05-09 17:16:50] request.CRITICAL: Uncaught PHP Exception Twig\Error\RuntimeError: "An exception has been thrown during the rendering of a template ("Unable to load template 'file:layout-ajax.tpl'")." at /home/u695283169/domains/woodyoubahamas.com/public_html/src/PrestaShopBundle/Resources/views/Admin/layout.html.twig line 37 {"exception":"[object] (Twig\\Error\\RuntimeError(code: 0): An exception has been thrown during the rendering of a template (\"Unable to load template 'file:layout-ajax.tpl'\"). at /home/u695283169/domains/woodyoubahamas.com/public_html/src/PrestaShopBundle/Resources/views/Admin/layout.html.twig:37, SmartyException(code: 0): Unable to load template 'file:layout-ajax.tpl' at /home/u695283169/domains/woodyoubahamas.com/public_html/vendor/smarty/smarty/libs/sysplugins/smarty_internal_template.php:195)"} []
[2024-05-09 17:16:50] security.DEBUG: Stored the security token in the session. {"key":"_security_main"} []
[2024-05-13 14:07:31] request.INFO: Matched route "admin_module_manage_action". {"route":"admin_module_manage_action","route_parameters":{"_controller":"PrestaShopBundle\\Controller\\Admin\\Improve\\ModuleController::moduleAction","action":"upgrade","module_name":"bridgeconnector","_route":"admin_module_manage_action"},"request_uri":"https://woodyoubahamas.com/gettadmin/index.php/improve/modules/manage/action/upgrade/bridgeconnector?_token=UoWhhOhKe1p1nXM6ZH89ayNSri46dZZXToA4EAbhctc","method":"POST"} []
[2024-05-13 14:07:31] security.DEBUG: Read existing security token from the session. {"key":"_security_main","token_class":"Symfony\\Component\\Security\\Core\\Authentication\\Token\\UsernamePasswordToken"} []
[2024-05-13 14:07:31] security.DEBUG: User was reloaded from a user provider. {"provider":"PrestaShopBundle\\Security\\Admin\\EmployeeProvider","username":"info@woodyoubahamas.com"} []
[2024-05-13 14:07:33] app.ERROR: Exception thrown by module bridgeconnector on upgrade. Error sent by Addons. You may need to be logged. [] []
[2024-05-13 14:07:33] security.DEBUG: Stored the security token in the session. {"key":"_security_main"} []
[2024-05-13 14:07:44] request.INFO: Matched route "admin_module_manage_action". {"route":"admin_module_manage_action","route_parameters":{"_controller":"PrestaShopBundle\\Controller\\Admin\\Improve\\ModuleController::moduleAction","action":"upgrade","module_name":"whatsappchat","_route":"admin_module_manage_action"},"request_uri":"https://woodyoubahamas.com/gettadmin/index.php/improve/modules/manage/action/upgrade/whatsappchat?_token=UoWhhOhKe1p1nXM6ZH89ayNSri46dZZXToA4EAbhctc","method":"POST"} []
[2024-05-13 14:07:44] security.DEBUG: Read existing security token from the session. {"key":"_security_main","token_class":"Symfony\\Component\\Security\\Core\\Authentication\\Token\\UsernamePasswordToken"} []
[2024-05-13 14:07:44] security.DEBUG: User was reloaded from a user provider. {"provider":"PrestaShopBundle\\Security\\Admin\\EmployeeProvider","username":"info@woodyoubahamas.com"} []
[2024-05-13 14:07:45] app.ERROR: Exception thrown by module whatsappchat on upgrade. Error sent by Addons. You may need to be logged. [] []
[2024-05-13 14:07:45] security.DEBUG: Stored the security token in the session. {"key":"_security_main"} []
[2024-05-28 07:03:37] request.CRITICAL: Uncaught PHP Exception Symfony\Component\DependencyInjection\Exception\ServiceNotFoundException: "You have requested a non-existent service "mbo.cdc.context_builder"." at /home/u695283169/domains/woodyoubahamas.com/public_html/vendor/symfony/symfony/src/Symfony/Component/DependencyInjection/Container.php line 348 {"exception":"[object] (Symfony\\Component\\DependencyInjection\\Exception\\ServiceNotFoundException(code: 0): You have requested a non-existent service \"mbo.cdc.context_builder\". at /home/u695283169/domains/woodyoubahamas.com/public_html/vendor/symfony/symfony/src/Symfony/Component/DependencyInjection/Container.php:348)"} []
[2024-05-28 07:03:47] request.CRITICAL: Uncaught PHP Exception Symfony\Component\DependencyInjection\Exception\ServiceNotFoundException: "You have requested a non-existent service "mbo.cdc.context_builder"." at /home/u695283169/domains/woodyoubahamas.com/public_html/vendor/symfony/symfony/src/Symfony/Component/DependencyInjection/Container.php line 348 {"exception":"[object] (Symfony\\Component\\DependencyInjection\\Exception\\ServiceNotFoundException(code: 0): You have requested a non-existent service \"mbo.cdc.context_builder\". at /home/u695283169/domains/woodyoubahamas.com/public_html/vendor/symfony/symfony/src/Symfony/Component/DependencyInjection/Container.php:348)"} []
[2024-06-20 13:25:53] request.INFO: Matched route "admin_module_manage_action". {"route":"admin_module_manage_action","route_parameters":{"_controller":"PrestaShopBundle\\Controller\\Admin\\Improve\\ModuleController::moduleAction","action":"install","module_name":"gadwordstracking","_route":"admin_module_manage_action"},"request_uri":"https://woodyoubahamas.com/gettadmin/index.php/improve/modules/manage/action/install/gadwordstracking?_token=rdrrgvFvgqIDUjozZppRXxiHiJ5WRqVmTDCJDzu7KWE","method":"POST"} []
[2024-06-20 13:25:53] security.DEBUG: Read existing security token from the session. {"key":"_security_main","token_class":"Symfony\\Component\\Security\\Core\\Authentication\\Token\\UsernamePasswordToken"} []
[2024-06-20 13:25:53] security.DEBUG: User was reloaded from a user provider. {"provider":"PrestaShopBundle\\Security\\Admin\\EmployeeProvider","username":"info@woodyoubahamas.com"} []
[2024-06-20 13:25:53] app.ERROR: Exception thrown by module gadwordstracking on install. The module gadwordstracking could not be found on Addons. {"object_type":"Module","object_id":0} []
[2024-06-20 13:25:53] security.DEBUG: Stored the security token in the session. {"key":"_security_main"} []
[2024-06-20 13:26:00] request.INFO: Matched route "admin_module_manage_action". {"route":"admin_module_manage_action","route_parameters":{"_controller":"PrestaShopBundle\\Controller\\Admin\\Improve\\ModuleController::moduleAction","action":"install","module_name":"gadwordstracking","_route":"admin_module_manage_action"},"request_uri":"https://woodyoubahamas.com/gettadmin/index.php/improve/modules/manage/action/install/gadwordstracking?_token=rdrrgvFvgqIDUjozZppRXxiHiJ5WRqVmTDCJDzu7KWE","method":"POST"} []
[2024-06-20 13:26:00] security.DEBUG: Read existing security token from the session. {"key":"_security_main","token_class":"Symfony\\Component\\Security\\Core\\Authentication\\Token\\UsernamePasswordToken"} []
[2024-06-20 13:26:00] security.DEBUG: User was reloaded from a user provider. {"provider":"PrestaShopBundle\\Security\\Admin\\EmployeeProvider","username":"info@woodyoubahamas.com"} []
[2024-06-20 13:26:00] app.ERROR: Exception thrown by module gadwordstracking on install. The module gadwordstracking could not be found on Addons. {"object_type":"Module","object_id":0} []
[2024-06-20 13:26:00] security.DEBUG: Stored the security token in the session. {"key":"_security_main"} []
[2024-07-01 13:12:29] request.INFO: Matched route "admin_module_manage_action". {"route":"admin_module_manage_action","route_parameters":{"_controller":"PrestaShopBundle\\Controller\\Admin\\Improve\\ModuleController::moduleAction","action":"upgrade","module_name":"whatsappchat","_route":"admin_module_manage_action"},"request_uri":"https://woodyoubahamas.com/gettadmin/index.php/improve/modules/manage/action/upgrade/whatsappchat?_token=SdO7lTLag8sZxnjhrRYohoNBHYGVXxhQjQiTQ8IhPYg","method":"POST"} []
[2024-07-01 13:12:29] security.DEBUG: Read existing security token from the session. {"key":"_security_main","token_class":"Symfony\\Component\\Security\\Core\\Authentication\\Token\\UsernamePasswordToken"} []
[2024-07-01 13:12:29] security.DEBUG: User was reloaded from a user provider. {"provider":"PrestaShopBundle\\Security\\Admin\\EmployeeProvider","username":"info@woodyoubahamas.com"} []
[2024-07-01 13:12:32] app.ERROR: Exception thrown by module whatsappchat on upgrade. Your store's URL doesn't match the one provided when the module was purchased. {"object_type":"Module","object_id":84} []
[2024-07-01 13:12:32] security.DEBUG: Stored the security token in the session. {"key":"_security_main"} []
[2024-07-04 22:02:17] request.INFO: Matched route "metrics_api_resolver". {"route":"metrics_api_resolver","route_parameters":{"query":"getCategoryTree","_controller":"PrestaShop\\Module\\Ps_metrics\\Controller\\Admin\\MetricsResolverController::resolve","_route":"metrics_api_resolver"},"request_uri":"https://woodyoubahamas.com/gettadmin/index.php/modules/metrics/api/getCategoryTree?_token=RlZL_aoYNhg90JQN3LqkQDrW-laa8hhQmNLAqTRYWpc","method":"GET"} []
[2024-07-04 22:02:17] security.DEBUG: Read existing security token from the session. {"key":"_security_main","token_class":"Symfony\\Component\\Security\\Core\\Authentication\\Token\\UsernamePasswordToken"} []
[2024-07-04 22:02:17] security.DEBUG: User was reloaded from a user provider. {"provider":"PrestaShopBundle\\Security\\Admin\\EmployeeProvider","username":"patrick@woodyoubahamas.com"} []
[2024-07-04 22:02:17] request.CRITICAL: Uncaught PHP Exception Exception: "#001 Message : Class 'ps_metrics_module_v4_0_5\Category' not found" at /home/u695283169/domains/woodyoubahamas.com/public_html/modules/ps_metrics/src/Controller/Admin/MetricsResolverController.php line 72 {"exception":"[object] (Exception(code: 0): #001 Message : Class 'ps_metrics_module_v4_0_5\\Category' not found at /home/u695283169/domains/woodyoubahamas.com/public_html/modules/ps_metrics/src/Controller/Admin/MetricsResolverController.php:72)"} []
[2024-07-04 22:02:17] security.DEBUG: Stored the security token in the session. {"key":"_security_main"} []
[2025-01-01 18:05:55] request.INFO: Matched route "admin_module_manage_action". {"route":"admin_module_manage_action","route_parameters":{"_controller":"PrestaShopBundle\\Controller\\Admin\\Improve\\ModuleController::moduleAction","action":"upgrade","module_name":"whatsappchat","_route":"admin_module_manage_action"},"request_uri":"https://woodyoubahamas.com/gettadmin/index.php/improve/modules/manage/action/upgrade/whatsappchat?_token=j5S89fOXHCpxJV2sQzPVunEqTfsWFsZKeLW74P_qzLE","method":"POST"} []
[2025-01-01 18:05:59] security.DEBUG: Read existing security token from the session. {"key":"_security_main","token_class":"Symfony\\Component\\Security\\Core\\Authentication\\Token\\UsernamePasswordToken"} []
[2025-01-01 18:05:59] security.DEBUG: User was reloaded from a user provider. {"provider":"PrestaShopBundle\\Security\\Admin\\EmployeeProvider","username":"info@woodyoubahamas.com"} []
[2025-01-01 18:06:04] app.ERROR: Exception thrown by module whatsappchat on upgrade. Your store's URL doesn't match the one provided when the module was purchased. {"object_type":"Module","object_id":84} []
[2025-01-01 18:06:04] security.DEBUG: Stored the security token in the session. {"key":"_security_main"} []
[2025-01-06 13:49:25] request.INFO: Matched route "admin_module_manage_action". {"route":"admin_module_manage_action","route_parameters":{"_controller":"PrestaShopBundle\\Controller\\Admin\\Improve\\ModuleController::moduleAction","action":"upgrade","module_name":"whatsappchat","_route":"admin_module_manage_action"},"request_uri":"https://woodyoubahamas.com/gettadmin/index.php/improve/modules/manage/action/upgrade/whatsappchat?_token=8OjOc8GlKpDf2wdyL9f87gL3efJxRsDp_DOplmCXGLM","method":"POST"} []
[2025-01-06 13:49:25] security.DEBUG: Read existing security token from the session. {"key":"_security_main","token_class":"Symfony\\Component\\Security\\Core\\Authentication\\Token\\UsernamePasswordToken"} []
[2025-01-06 13:49:25] security.DEBUG: User was reloaded from a user provider. {"provider":"PrestaShopBundle\\Security\\Admin\\EmployeeProvider","username":"sethryanrollins@gmail.com"} []
[2025-01-06 13:49:26] app.ERROR: Exception thrown by module whatsappchat on upgrade. Your store's URL doesn't match the one provided when the module was purchased. {"object_type":"Module","object_id":84} []
[2025-01-06 13:49:26] security.DEBUG: Stored the security token in the session. {"key":"_security_main"} []
[2025-01-06 13:49:25] request.INFO: Matched route "admin_module_manage_action". {"route":"admin_module_manage_action","route_parameters":{"_controller":"PrestaShopBundle\\Controller\\Admin\\Improve\\ModuleController::moduleAction","action":"upgrade","module_name":"lgcookieslaw","_route":"admin_module_manage_action"},"request_uri":"https://woodyoubahamas.com/gettadmin/index.php/improve/modules/manage/action/upgrade/lgcookieslaw?_token=8OjOc8GlKpDf2wdyL9f87gL3efJxRsDp_DOplmCXGLM","method":"POST"} []
[2025-01-06 13:49:50] security.DEBUG: Read existing security token from the session. {"key":"_security_main","token_class":"Symfony\\Component\\Security\\Core\\Authentication\\Token\\UsernamePasswordToken"} []
[2025-01-06 13:49:50] security.DEBUG: User was reloaded from a user provider. {"provider":"PrestaShopBundle\\Security\\Admin\\EmployeeProvider","username":"sethryanrollins@gmail.com"} []
[2025-01-06 13:49:51] app.ERROR: Exception thrown by module lgcookieslaw on upgrade. Your store's URL doesn't match the one provided when the module was purchased. {"object_type":"Module","object_id":87} []
[2025-01-06 13:49:51] security.DEBUG: Stored the security token in the session. {"key":"_security_main"} []
[2025-01-06 13:49:25] request.INFO: Matched route "admin_module_manage_action". {"route":"admin_module_manage_action","route_parameters":{"_controller":"PrestaShopBundle\\Controller\\Admin\\Improve\\ModuleController::moduleAction","action":"upgrade","module_name":"bridgeconnector","_route":"admin_module_manage_action"},"request_uri":"https://woodyoubahamas.com/gettadmin/index.php/improve/modules/manage/action/upgrade/bridgeconnector?_token=8OjOc8GlKpDf2wdyL9f87gL3efJxRsDp_DOplmCXGLM","method":"POST"} []
[2025-01-06 13:50:11] security.DEBUG: Read existing security token from the session. {"key":"_security_main","token_class":"Symfony\\Component\\Security\\Core\\Authentication\\Token\\UsernamePasswordToken"} []
[2025-01-06 13:50:11] security.DEBUG: User was reloaded from a user provider. {"provider":"PrestaShopBundle\\Security\\Admin\\EmployeeProvider","username":"sethryanrollins@gmail.com"} []
[2025-01-06 13:50:12] app.ERROR: Exception thrown by module bridgeconnector on upgrade. Your store's URL doesn't match the one provided when the module was purchased. {"object_type":"Module","object_id":91} []
[2025-01-06 13:50:12] security.DEBUG: Stored the security token in the session. {"key":"_security_main"} []
[2025-01-06 13:49:25] request.INFO: Matched route "admin_module_manage_action". {"route":"admin_module_manage_action","route_parameters":{"_controller":"PrestaShopBundle\\Controller\\Admin\\Improve\\ModuleController::moduleAction","action":"upgrade","module_name":"ps_categorytree","_route":"admin_module_manage_action"},"request_uri":"https://woodyoubahamas.com/gettadmin/index.php/improve/modules/manage/action/upgrade/ps_categorytree?_token=8OjOc8GlKpDf2wdyL9f87gL3efJxRsDp_DOplmCXGLM","method":"POST"} []
[2025-01-06 13:50:37] security.DEBUG: Read existing security token from the session. {"key":"_security_main","token_class":"Symfony\\Component\\Security\\Core\\Authentication\\Token\\UsernamePasswordToken"} []
[2025-01-06 13:50:37] security.DEBUG: User was reloaded from a user provider. {"provider":"PrestaShopBundle\\Security\\Admin\\EmployeeProvider","username":"sethryanrollins@gmail.com"} []
[2025-01-06 13:50:39] request.CRITICAL: Uncaught PHP Exception Symfony\Component\Debug\Exception\ClassNotFoundException: "Attempted to load class "CacheDirectoryProvider" from namespace "PrestaShop\Module\PsAccounts\Vendor\PrestaShop\ModuleLibCacheDirectoryProvider\Cache". Did you forget a "use" statement for e.g. "ps_metrics_module_v4_0_10\PrestaShop\ModuleLibCacheDirectoryProvider\Cache\CacheDirectoryProvider" or "PrestaShop\ModuleLibCacheDirectoryProvider\Cache\CacheDirectoryProvider"?" at /home/u695283169/domains/woodyoubahamas.com/public_html/modules/ps_accounts/src/DependencyInjection/ServiceContainer.php line 99 {"exception":"[object] (Symfony\\Component\\Debug\\Exception\\ClassNotFoundException(code: 0): Attempted to load class \"CacheDirectoryProvider\" from namespace \"PrestaShop\\Module\\PsAccounts\\Vendor\\PrestaShop\\ModuleLibCacheDirectoryProvider\\Cache\".\nDid you forget a \"use\" statement for e.g. \"ps_metrics_module_v4_0_10\\PrestaShop\\ModuleLibCacheDirectoryProvider\\Cache\\CacheDirectoryProvider\" or \"PrestaShop\\ModuleLibCacheDirectoryProvider\\Cache\\CacheDirectoryProvider\"? at /home/u695283169/domains/woodyoubahamas.com/public_html/modules/ps_accounts/src/DependencyInjection/ServiceContainer.php:99)"} []
[2025-01-06 13:50:39] security.DEBUG: Stored the security token in the session. {"key":"_security_main"} []
